Using pre-set license
Built from '2020.3/staging' branch; Version is '2020.3.22f1 (e1a7f79fd887) revision 14788599'; Using compiler version '192528614'; Build Type 'Release'
OS: 'Windows 10 Home; OS build 22621.1265; Version 2009; 64bit' Language: 'en' Physical Memory: 8101 MB
BatchMode: 1, IsHumanControllingUs: 0, StartBugReporterOnCrash: 0, Is64bit: 1, IsPro: 0

COMMAND LINE ARGUMENTS:
C:\Program Files\Unity\Hub\Editor\2020.3.22f1\Editor\Unity.exe
-adb2
-batchMode
-noUpm
-name
AssetImportWorker0
-projectPath
C:/Users/larus/Documents/MEGA/Downloads/CC_Animation-master/CC_Animation-master
-logFile
Logs/AssetImportWorker0.log
-srvPort
51752
Successfully changed project path to: C:/Users/larus/Documents/MEGA/Downloads/CC_Animation-master/CC_Animation-master
C:/Users/larus/Documents/MEGA/Downloads/CC_Animation-master/CC_Animation-master
Using Asset Import Pipeline V2.
Refreshing native plugins compatible for Editor in 90.66 ms, found 2 plugins.
Preloading 0 native plugins for Editor in 0.00 ms.
Initialize engine version: 2020.3.22f1 (e1a7f79fd887)
[Subsystems] Discovering subsystems at path C:/Program Files/Unity/Hub/Editor/2020.3.22f1/Editor/Data/Resources/UnitySubsystems
[Subsystems] Discovering subsystems at path C:/Users/larus/Documents/MEGA/Downloads/CC_Animation-master/CC_Animation-master/Assets
GfxDevice: creating device client; threaded=0
Direct3D:
    Version:  Direct3D 11.0 [level 11.1]
    Renderer: Intel(R) UHD Graphics 620 (ID=0x5917)
    Vendor:   
    VRAM:     4050 MB
    Driver:   27.20.100.8729
Initialize mono
Mono path[0] = 'C:/Program Files/Unity/Hub/Editor/2020.3.22f1/Editor/Data/Managed'
Mono path[1] = 'C:/Program Files/Unity/Hub/Editor/2020.3.22f1/Editor/Data/MonoBleedingEdge/lib/mono/unityjit'
Mono config path = 'C:/Program Files/Unity/Hub/Editor/2020.3.22f1/Editor/Data/MonoBleedingEdge/etc'
Using monoOptions --debugger-agent=transport=dt_socket,embedding=1,server=y,suspend=n,address=127.0.0.1:56400
Begin MonoManager ReloadAssembly
Registering precompiled unity dll's ...
Register platform support module: C:/Program Files/Unity/Hub/Editor/2020.3.22f1/Editor/Data/PlaybackEngines/WindowsStandaloneSupport/UnityEditor.WindowsStandalone.Extensions.dll
Registered in 0.003904 seconds.
Native extension for WindowsStandalone target not found
Refreshing native plugins compatible for Editor in 81.66 ms, found 2 plugins.
Preloading 0 native plugins for Editor in 0.00 ms.
Mono: successfully reloaded assembly
- Completed reload, in  1.540 seconds
Domain Reload Profiling:
	ReloadAssembly (1540ms)
		BeginReloadAssembly (69ms)
			ExecutionOrderSort (0ms)
			DisableScriptedObjects (0ms)
			BackupInstance (0ms)
			ReleaseScriptingObjects (0ms)
			CreateAndSetChildDomain (1ms)
		EndReloadAssembly (599ms)
			LoadAssemblies (66ms)
			RebuildTransferFunctionScriptingTraits (0ms)
			SetupTypeCache (178ms)
			ReleaseScriptCaches (0ms)
			RebuildScriptCaches (38ms)
			SetupLoadedEditorAssemblies (248ms)
				LogAssemblyErrors (0ms)
				InitializePlatformSupportModulesInManaged (5ms)
				SetLoadedEditorAssemblies (0ms)
				RefreshPlugins (82ms)
				BeforeProcessingInitializeOnLoad (10ms)
				ProcessInitializeOnLoadAttributes (115ms)
				ProcessInitializeOnLoadMethodAttributes (35ms)
				AfterProcessingInitializeOnLoad (0ms)
				EditorAssembliesLoaded (0ms)
			ExecutionOrderSort2 (0ms)
			AwakeInstancesAfterBackupRestoration (0ms)
Platform modules already initialized, skipping
Registering precompiled user dll's ...
Registered in 0.018347 seconds.
Begin MonoManager ReloadAssembly
Native extension for WindowsStandalone target not found
Refreshing native plugins compatible for Editor in 75.24 ms, found 2 plugins.
Preloading 0 native plugins for Editor in 0.00 ms.
Mono: successfully reloaded assembly
- Completed reload, in  1.768 seconds
Domain Reload Profiling:
	ReloadAssembly (1770ms)
		BeginReloadAssembly (180ms)
			ExecutionOrderSort (0ms)
			DisableScriptedObjects (5ms)
			BackupInstance (0ms)
			ReleaseScriptingObjects (0ms)
			CreateAndSetChildDomain (21ms)
		EndReloadAssembly (1510ms)
			LoadAssemblies (205ms)
			RebuildTransferFunctionScriptingTraits (0ms)
			SetupTypeCache (508ms)
			ReleaseScriptCaches (1ms)
			RebuildScriptCaches (106ms)
			SetupLoadedEditorAssemblies (541ms)
				LogAssemblyErrors (0ms)
				InitializePlatformSupportModulesInManaged (5ms)
				SetLoadedEditorAssemblies (0ms)
				RefreshPlugins (75ms)
				BeforeProcessingInitializeOnLoad (106ms)
				ProcessInitializeOnLoadAttributes (327ms)
				ProcessInitializeOnLoadMethodAttributes (19ms)
				AfterProcessingInitializeOnLoad (9ms)
				EditorAssembliesLoaded (0ms)
			ExecutionOrderSort2 (0ms)
			AwakeInstancesAfterBackupRestoration (7ms)
Platform modules already initialized, skipping
========================================================================
Worker process is ready to serve import requests
Launched and connected shader compiler UnityShaderCompiler.exe after 0.07 seconds
Refreshing native plugins compatible for Editor in 0.97 ms, found 2 plugins.
Preloading 0 native plugins for Editor in 0.00 ms.
Unloading 3810 Unused Serialized files (Serialized files now loaded: 0)
System memory in use before: 160.6 MB.
System memory in use after: 160.8 MB.

Unloading 23 unused Assets to reduce memory usage. Loaded Objects now: 4243.
Total: 5.111900 ms (FindLiveObjects: 0.470000 ms CreateObjectMapping: 0.252800 ms MarkObjects: 4.276100 ms  DeleteObjects: 0.111500 ms)

AssetImportParameters requested are different than current active one (requested -> active):
  custom:framework-win-MediaFoundation: 216162199b28c13a410421893ffa2e32 -> 
  custom:video-decoder-ogg-theora: a1e56fd34408186e4bbccfd4996cb3dc -> 
  custom:container-muxer-webm: aa71ff27fc2769a1b78a27578f13a17b -> 
  custom:container-demuxer-webm: 4f35f7cbe854078d1ac9338744f61a02 -> 
  custom:container-demuxer-ogg: 62fdf1f143b41e24485cea50d1cbac27 -> 
  custom:video-encoder-webm-vp8: eb34c28f22e8b96e1ab97ce403110664 -> 
  custom:video-codec-MediaFoundation-h265: 746d11721c4dcdbdad8f713fa42b33f4 -> 
  custom:video-decoder-webm-vp8: 9c59270c3fd7afecdb556c50c9e8de78 -> 
  custom:audio-decoder-ogg-vorbis: bf7c407c2cedff20999df2af8eb42d56 -> 
  custom:audio-encoder-webm-vorbis: bf7c407c2cedff20999df2af8eb42d56 -> 
========================================================================
Received Import Request.
  path: Assets/CreativeCore_Animation
  artifactKey: Guid(1318fd4a5ea69b24ab601a4f02c95f48) Importer(815301076,1909f56bfc062723c751e8b465ee728b)
Start importing Assets/CreativeCore_Animation using Guid(1318fd4a5ea69b24ab601a4f02c95f48) Importer(815301076,1909f56bfc062723c751e8b465ee728b)  -> (artifact id: 'e988ff2917248de622e8057095dae26a') in 0.012938 seconds 
  Import took 0.019991 seconds .

========================================================================
Received Import Request.
  Time since last request: 0.000576 seconds.
  path: Assets/CreativeCore_Animation/Scenes
  artifactKey: Guid(d12e6ad65eae547deabab4be3006db90) Importer(815301076,1909f56bfc062723c751e8b465ee728b)
Start importing Assets/CreativeCore_Animation/Scenes using Guid(d12e6ad65eae547deabab4be3006db90) Importer(815301076,1909f56bfc062723c751e8b465ee728b)  -> (artifact id: '34185df8d7cbc63c4db0ea838e27fd3b') in 0.007483 seconds 
  Import took 0.015801 seconds .

========================================================================
Received Import Request.
  Time since last request: 0.000384 seconds.
  path: Assets/Ball.controller
  artifactKey: Guid(e4a60b1cd3af83448bea18bfe59b1c6b) Importer(815301076,1909f56bfc062723c751e8b465ee728b)
Start importing Assets/Ball.controller using Guid(e4a60b1cd3af83448bea18bfe59b1c6b) Importer(815301076,1909f56bfc062723c751e8b465ee728b)  -> (artifact id: 'abe03de910c0bde6129c34c68e96fe3b') in 0.063869 seconds 
  Import took 0.071506 seconds .

========================================================================
Received Import Request.
  Time since last request: 0.666380 seconds.
  path: Assets/CreativeCore_Animation/Scenes/TutorialScene_Animation_Outdoor.unity
  artifactKey: Guid(4e906cd2af19d444796dd9cf2a34cd69) Importer(815301076,1909f56bfc062723c751e8b465ee728b)
Start importing Assets/CreativeCore_Animation/Scenes/TutorialScene_Animation_Outdoor.unity using Guid(4e906cd2af19d444796dd9cf2a34cd69) Importer(815301076,1909f56bfc062723c751e8b465ee728b)  -> (artifact id: '1a5740cb603c1f6555142052fb00fcf6') in 0.013564 seconds 
  Import took 0.023356 seconds .

========================================================================
Received Import Request.
  Time since last request: 8.958948 seconds.
  path: Assets/CreativeCore_Animation/Scenes/ChallengeScene_Animation.unity
  artifactKey: Guid(87d62b8fb628c0740b4e9300fd8c47c3) Importer(815301076,1909f56bfc062723c751e8b465ee728b)
Start importing Assets/CreativeCore_Animation/Scenes/ChallengeScene_Animation.unity using Guid(87d62b8fb628c0740b4e9300fd8c47c3) Importer(815301076,1909f56bfc062723c751e8b465ee728b)  -> (artifact id: '1d9d404818128773186de8f8d5073b41') in 0.012708 seconds 
  Import took 0.024249 seconds .

========================================================================
Received Import Request.
  Time since last request: 0.840339 seconds.
  path: Assets/CreativeCore_Animation/Scenes/AnimationScene_Door
  artifactKey: Guid(b0232385e90d2a449977bc0f411ba62e) Importer(815301076,1909f56bfc062723c751e8b465ee728b)
Start importing Assets/CreativeCore_Animation/Scenes/AnimationScene_Door using Guid(b0232385e90d2a449977bc0f411ba62e) Importer(815301076,1909f56bfc062723c751e8b465ee728b)  -> (artifact id: '58858e13b925495f7ef5dfedc8bc0ef2') in 0.010657 seconds 
  Import took 0.019823 seconds .

========================================================================
Received Import Request.
  Time since last request: 0.036304 seconds.
  path: Assets/CreativeCore_Animation/Scenes/AnimationScene_Door/LightingData.asset
  artifactKey: Guid(00f30c20df569504a9b70afb8b189eed) Importer(815301076,1909f56bfc062723c751e8b465ee728b)
Start importing Assets/CreativeCore_Animation/Scenes/AnimationScene_Door/LightingData.asset using Guid(00f30c20df569504a9b70afb8b189eed) Importer(815301076,1909f56bfc062723c751e8b465ee728b)  -> (artifact id: '8db518e7c6d4d211400f4cea0fb2ffbc') in 0.013069 seconds 
  Import took 0.024580 seconds .

========================================================================
Received Import Request.
  Time since last request: 0.000395 seconds.
  path: Assets/CreativeCore_Animation/Scenes/AnimationScene_Door/Lightmap-0_comp_dir.png
  artifactKey: Guid(5ff410e788e147e46ae0c8b1a1fa6711) Importer(815301076,1909f56bfc062723c751e8b465ee728b)
Start importing Assets/CreativeCore_Animation/Scenes/AnimationScene_Door/Lightmap-0_comp_dir.png using Guid(5ff410e788e147e46ae0c8b1a1fa6711) Importer(815301076,1909f56bfc062723c751e8b465ee728b)  -> (artifact id: 'ee917fb6183a0fc121911d9aa3d71e9b') in 0.070640 seconds 
  Import took 0.079591 seconds .

========================================================================
Received Import Request.
  Time since last request: 0.000328 seconds.
  path: Assets/CreativeCore_Animation/Scenes/AnimationScene_Door/Lightmap-2_comp_dir.png
  artifactKey: Guid(e5d0ca63d7667a3458ea73cb56b1f403) Importer(815301076,1909f56bfc062723c751e8b465ee728b)
Start importing Assets/CreativeCore_Animation/Scenes/AnimationScene_Door/Lightmap-2_comp_dir.png using Guid(e5d0ca63d7667a3458ea73cb56b1f403) Importer(815301076,1909f56bfc062723c751e8b465ee728b)  -> (artifact id: '65e75179f33263c695df50143c862d19') in 0.028357 seconds 
  Import took 0.038172 seconds .

========================================================================
Received Import Request.
  Time since last request: 0.000538 seconds.
  path: Assets/CreativeCore_Animation/Scenes/AnimationScene_Door/ReflectionProbe-0.exr
  artifactKey: Guid(ad18a76f83a38a04e8a924127cee3b89) Importer(815301076,1909f56bfc062723c751e8b465ee728b)
Start importing Assets/CreativeCore_Animation/Scenes/AnimationScene_Door/ReflectionProbe-0.exr using Guid(ad18a76f83a38a04e8a924127cee3b89) Importer(815301076,1909f56bfc062723c751e8b465ee728b)  -> (artifact id: '715a97ae55dcbe28ee25be1d05d0c936') in 0.097837 seconds 
  Import took 0.105170 seconds .

========================================================================
Received Import Request.
  Time since last request: 0.000249 seconds.
  path: Assets/CreativeCore_Animation/Scenes/AnimationScene_Door/Lightmap-2_comp_light.exr
  artifactKey: Guid(22177ad6197e6314fa6dcc4199638545) Importer(815301076,1909f56bfc062723c751e8b465ee728b)
Start importing Assets/CreativeCore_Animation/Scenes/AnimationScene_Door/Lightmap-2_comp_light.exr using Guid(22177ad6197e6314fa6dcc4199638545) Importer(815301076,1909f56bfc062723c751e8b465ee728b)  -> (artifact id: 'c1dbefc219ccadc3b787af8535838f12') in 0.044600 seconds 
  Import took 0.052255 seconds .

========================================================================
Received Import Request.
  Time since last request: 0.000471 seconds.
  path: Assets/CreativeCore_Animation/Scenes/AnimationScene_Door/Lightmap-1_comp_light.exr
  artifactKey: Guid(935968c749b4a5845b8c080cb33e1f37) Importer(815301076,1909f56bfc062723c751e8b465ee728b)
Start importing Assets/CreativeCore_Animation/Scenes/AnimationScene_Door/Lightmap-1_comp_light.exr using Guid(935968c749b4a5845b8c080cb33e1f37) Importer(815301076,1909f56bfc062723c751e8b465ee728b)  -> (artifact id: '6ce6200178fe5610674f4ddf7c9fc79e') in 0.041678 seconds 
  Import took 0.049963 seconds .

========================================================================
Received Import Request.
  Time since last request: 0.000331 seconds.
  path: Assets/CreativeCore_Animation/Scenes/AnimationScene_Door/Lightmap-0_comp_light.exr
  artifactKey: Guid(b292239051010564dab888cc0e2c276c) Importer(815301076,1909f56bfc062723c751e8b465ee728b)
Start importing Assets/CreativeCore_Animation/Scenes/AnimationScene_Door/Lightmap-0_comp_light.exr using Guid(b292239051010564dab888cc0e2c276c) Importer(815301076,1909f56bfc062723c751e8b465ee728b)  -> (artifact id: 'bb9cc265a81d3ea15a3a48253c13d246') in 0.037830 seconds 
  Import took 0.047083 seconds .

========================================================================
Received Import Request.
  Time since last request: 0.000278 seconds.
  path: Assets/CreativeCore_Animation/Scenes/AnimationScene_Door/Lightmap-1_comp_dir.png
  artifactKey: Guid(ffba9056032b9bb48a5b3a6309edcd74) Importer(815301076,1909f56bfc062723c751e8b465ee728b)
Start importing Assets/CreativeCore_Animation/Scenes/AnimationScene_Door/Lightmap-1_comp_dir.png using Guid(ffba9056032b9bb48a5b3a6309edcd74) Importer(815301076,1909f56bfc062723c751e8b465ee728b)  -> (artifact id: 'b7849b21d65ba609ba27a85e2087139d') in 0.039515 seconds 
  Import took 0.046901 seconds .

========================================================================
Received Import Request.
  Time since last request: 5.494356 seconds.
  path: Assets/CreativeCore_Animation/Animations
  artifactKey: Guid(374865e2c501fb942bf63a1bb51842e8) Importer(815301076,1909f56bfc062723c751e8b465ee728b)
Start importing Assets/CreativeCore_Animation/Animations using Guid(374865e2c501fb942bf63a1bb51842e8) Importer(815301076,1909f56bfc062723c751e8b465ee728b)  -> (artifact id: 'a162c6c547e1725bae46010c569ffe45') in 0.010291 seconds 
  Import took 0.022251 seconds .

========================================================================
Received Import Request.
  Time since last request: 2.263237 seconds.
  path: Assets/CreativeCore_Animation/Animations/Ball_Pulse.anim
  artifactKey: Guid(298aeecbfb379114fbe3fd6c8054cfd5) Importer(815301076,1909f56bfc062723c751e8b465ee728b)
Start importing Assets/CreativeCore_Animation/Animations/Ball_Pulse.anim using Guid(298aeecbfb379114fbe3fd6c8054cfd5) Importer(815301076,1909f56bfc062723c751e8b465ee728b)  -> (artifact id: 'd6d5d318eb0d9c3f2cc679acad556d1c') in 0.012307 seconds 
  Import took 0.020242 seconds .

========================================================================
Received Prepare
Registering precompiled user dll's ...
Registered in 0.019696 seconds.
Begin MonoManager ReloadAssembly
Native extension for WindowsStandalone target not found
Refreshing native plugins compatible for Editor in 0.74 ms, found 2 plugins.
Preloading 0 native plugins for Editor in 0.00 ms.
Mono: successfully reloaded assembly
- Completed reload, in  1.616 seconds
Domain Reload Profiling:
	ReloadAssembly (1616ms)
		BeginReloadAssembly (161ms)
			ExecutionOrderSort (0ms)
			DisableScriptedObjects (6ms)
			BackupInstance (0ms)
			ReleaseScriptingObjects (0ms)
			CreateAndSetChildDomain (46ms)
		EndReloadAssembly (1326ms)
			LoadAssemblies (190ms)
			RebuildTransferFunctionScriptingTraits (0ms)
			SetupTypeCache (452ms)
			ReleaseScriptCaches (2ms)
			RebuildScriptCaches (78ms)
			SetupLoadedEditorAssemblies (456ms)
				LogAssemblyErrors (0ms)
				InitializePlatformSupportModulesInManaged (6ms)
				SetLoadedEditorAssemblies (1ms)
				RefreshPlugins (1ms)
				BeforeProcessingInitializeOnLoad (94ms)
				ProcessInitializeOnLoadAttributes (327ms)
				ProcessInitializeOnLoadMethodAttributes (19ms)
				AfterProcessingInitializeOnLoad (9ms)
				EditorAssembliesLoaded (0ms)
			ExecutionOrderSort2 (0ms)
			AwakeInstancesAfterBackupRestoration (12ms)
Platform modules already initialized, skipping
Refreshing native plugins compatible for Editor in 0.76 ms, found 2 plugins.
Preloading 0 native plugins for Editor in 0.00 ms.
Unloading 3692 Unused Serialized files (Serialized files now loaded: 0)
System memory in use before: 156.1 MB.
System memory in use after: 156.3 MB.

Unloading 16 unused Assets to reduce memory usage. Loaded Objects now: 4281.
Total: 5.074500 ms (FindLiveObjects: 0.414400 ms CreateObjectMapping: 0.254400 ms MarkObjects: 4.371700 ms  DeleteObjects: 0.031800 ms)

AssetImportParameters requested are different than current active one (requested -> active):
  custom:framework-win-MediaFoundation: 216162199b28c13a410421893ffa2e32 -> 
  custom:video-decoder-ogg-theora: a1e56fd34408186e4bbccfd4996cb3dc -> 
  custom:container-muxer-webm: aa71ff27fc2769a1b78a27578f13a17b -> 
  custom:container-demuxer-webm: 4f35f7cbe854078d1ac9338744f61a02 -> 
  custom:container-demuxer-ogg: 62fdf1f143b41e24485cea50d1cbac27 -> 
  custom:video-encoder-webm-vp8: eb34c28f22e8b96e1ab97ce403110664 -> 
  custom:video-codec-MediaFoundation-h265: 746d11721c4dcdbdad8f713fa42b33f4 -> 
  custom:video-decoder-webm-vp8: 9c59270c3fd7afecdb556c50c9e8de78 -> 
  custom:audio-decoder-ogg-vorbis: bf7c407c2cedff20999df2af8eb42d56 -> 
  custom:audio-encoder-webm-vorbis: bf7c407c2cedff20999df2af8eb42d56 -> 
========================================================================
Received Import Request.
  Time since last request: 672.425203 seconds.
  path: Assets/CreativeCore_Animation/Scenes/TutorialScene_Animation_Door.unity
  artifactKey: Guid(6b5c65b18f54db44ba010a377f3cc940) Importer(815301076,1909f56bfc062723c751e8b465ee728b)
Start importing Assets/CreativeCore_Animation/Scenes/TutorialScene_Animation_Door.unity using Guid(6b5c65b18f54db44ba010a377f3cc940) Importer(815301076,1909f56bfc062723c751e8b465ee728b)  -> (artifact id: '4075b882c917cdaac722c230943d4e55') in 0.026064 seconds 
  Import took 0.037013 seconds .

========================================================================
Received Import Request.
  Time since last request: 2.526818 seconds.
  path: Assets/CreativeCore_Animation/Scenes/TutorialScene_Animation_SharedAnimation.unity
  artifactKey: Guid(77a9d607285c9b1479f148104bf1c321) Importer(815301076,1909f56bfc062723c751e8b465ee728b)
Start importing Assets/CreativeCore_Animation/Scenes/TutorialScene_Animation_SharedAnimation.unity using Guid(77a9d607285c9b1479f148104bf1c321) Importer(815301076,1909f56bfc062723c751e8b465ee728b)  -> (artifact id: 'd97505d5639076a2f139637636eda4bf') in 0.011095 seconds 
  Import took 0.020716 seconds .

========================================================================
Received Prepare
Registering precompiled user dll's ...
Registered in 0.015939 seconds.
Begin MonoManager ReloadAssembly
Native extension for WindowsStandalone target not found
Refreshing native plugins compatible for Editor in 0.73 ms, found 2 plugins.
Preloading 0 native plugins for Editor in 0.00 ms.
Mono: successfully reloaded assembly
- Completed reload, in  1.521 seconds
Domain Reload Profiling:
	ReloadAssembly (1522ms)
		BeginReloadAssembly (134ms)
			ExecutionOrderSort (0ms)
			DisableScriptedObjects (6ms)
			BackupInstance (0ms)
			ReleaseScriptingObjects (0ms)
			CreateAndSetChildDomain (44ms)
		EndReloadAssembly (1313ms)
			LoadAssemblies (113ms)
			RebuildTransferFunctionScriptingTraits (0ms)
			SetupTypeCache (457ms)
			ReleaseScriptCaches (2ms)
			RebuildScriptCaches (79ms)
			SetupLoadedEditorAssemblies (499ms)
				LogAssemblyErrors (0ms)
				InitializePlatformSupportModulesInManaged (5ms)
				SetLoadedEditorAssemblies (1ms)
				RefreshPlugins (1ms)
				BeforeProcessingInitializeOnLoad (113ms)
				ProcessInitializeOnLoadAttributes (340ms)
				ProcessInitializeOnLoadMethodAttributes (23ms)
				AfterProcessingInitializeOnLoad (16ms)
				EditorAssembliesLoaded (0ms)
			ExecutionOrderSort2 (0ms)
			AwakeInstancesAfterBackupRestoration (22ms)
Platform modules already initialized, skipping
Refreshing native plugins compatible for Editor in 0.96 ms, found 2 plugins.
Preloading 0 native plugins for Editor in 0.00 ms.
Unloading 3692 Unused Serialized files (Serialized files now loaded: 0)
System memory in use before: 156.2 MB.
System memory in use after: 156.4 MB.

Unloading 16 unused Assets to reduce memory usage. Loaded Objects now: 4283.
Total: 4.294400 ms (FindLiveObjects: 0.361200 ms CreateObjectMapping: 0.191100 ms MarkObjects: 3.714600 ms  DeleteObjects: 0.026000 ms)

AssetImportParameters requested are different than current active one (requested -> active):
  custom:framework-win-MediaFoundation: 216162199b28c13a410421893ffa2e32 -> 
  custom:video-decoder-ogg-theora: a1e56fd34408186e4bbccfd4996cb3dc -> 
  custom:container-muxer-webm: aa71ff27fc2769a1b78a27578f13a17b -> 
  custom:container-demuxer-webm: 4f35f7cbe854078d1ac9338744f61a02 -> 
  custom:container-demuxer-ogg: 62fdf1f143b41e24485cea50d1cbac27 -> 
  custom:video-encoder-webm-vp8: eb34c28f22e8b96e1ab97ce403110664 -> 
  custom:video-codec-MediaFoundation-h265: 746d11721c4dcdbdad8f713fa42b33f4 -> 
  custom:video-decoder-webm-vp8: 9c59270c3fd7afecdb556c50c9e8de78 -> 
  custom:audio-decoder-ogg-vorbis: bf7c407c2cedff20999df2af8eb42d56 -> 
  custom:audio-encoder-webm-vorbis: bf7c407c2cedff20999df2af8eb42d56 -> 
========================================================================
Received Prepare
Registering precompiled user dll's ...
Registered in 0.008297 seconds.
Begin MonoManager ReloadAssembly
Native extension for WindowsStandalone target not found
Refreshing native plugins compatible for Editor in 0.78 ms, found 2 plugins.
Preloading 0 native plugins for Editor in 0.00 ms.
Mono: successfully reloaded assembly
- Completed reload, in  1.660 seconds
Domain Reload Profiling:
	ReloadAssembly (1660ms)
		BeginReloadAssembly (176ms)
			ExecutionOrderSort (0ms)
			DisableScriptedObjects (5ms)
			BackupInstance (0ms)
			ReleaseScriptingObjects (0ms)
			CreateAndSetChildDomain (54ms)
		EndReloadAssembly (1386ms)
			LoadAssemblies (140ms)
			RebuildTransferFunctionScriptingTraits (0ms)
			SetupTypeCache (541ms)
			ReleaseScriptCaches (2ms)
			RebuildScriptCaches (112ms)
			SetupLoadedEditorAssemblies (456ms)
				LogAssemblyErrors (0ms)
				InitializePlatformSupportModulesInManaged (6ms)
				SetLoadedEditorAssemblies (1ms)
				RefreshPlugins (1ms)
				BeforeProcessingInitializeOnLoad (94ms)
				ProcessInitializeOnLoadAttributes (330ms)
				ProcessInitializeOnLoadMethodAttributes (16ms)
				AfterProcessingInitializeOnLoad (8ms)
				EditorAssembliesLoaded (0ms)
			ExecutionOrderSort2 (0ms)
			AwakeInstancesAfterBackupRestoration (12ms)
Platform modules already initialized, skipping
Refreshing native plugins compatible for Editor in 0.73 ms, found 2 plugins.
Preloading 0 native plugins for Editor in 0.00 ms.
Unloading 3692 Unused Serialized files (Serialized files now loaded: 0)
System memory in use before: 156.2 MB.
System memory in use after: 156.4 MB.

Unloading 16 unused Assets to reduce memory usage. Loaded Objects now: 4285.
Total: 4.520800 ms (FindLiveObjects: 0.379000 ms CreateObjectMapping: 0.197300 ms MarkObjects: 3.912400 ms  DeleteObjects: 0.030800 ms)

AssetImportParameters requested are different than current active one (requested -> active):
  custom:framework-win-MediaFoundation: 216162199b28c13a410421893ffa2e32 -> 
  custom:video-decoder-ogg-theora: a1e56fd34408186e4bbccfd4996cb3dc -> 
  custom:container-muxer-webm: aa71ff27fc2769a1b78a27578f13a17b -> 
  custom:container-demuxer-webm: 4f35f7cbe854078d1ac9338744f61a02 -> 
  custom:container-demuxer-ogg: 62fdf1f143b41e24485cea50d1cbac27 -> 
  custom:video-encoder-webm-vp8: eb34c28f22e8b96e1ab97ce403110664 -> 
  custom:video-codec-MediaFoundation-h265: 746d11721c4dcdbdad8f713fa42b33f4 -> 
  custom:video-decoder-webm-vp8: 9c59270c3fd7afecdb556c50c9e8de78 -> 
  custom:audio-decoder-ogg-vorbis: bf7c407c2cedff20999df2af8eb42d56 -> 
  custom:audio-encoder-webm-vorbis: bf7c407c2cedff20999df2af8eb42d56 -> 
AssetImportWorkerClient::OnTransportError - code=2 error=End of file
