Using pre-set license
Built from '2020.3/staging' branch; Version is '2020.3.22f1 (e1a7f79fd887) revision 14788599'; Using compiler version '192528614'; Build Type 'Release'
OS: 'Windows 10 Home; OS build 19044.2846; Version 2009; 64bit' Language: 'en' Physical Memory: 32678 MB
BatchMode: 1, IsHumanControllingUs: 0, StartBugReporterOnCrash: 0, Is64bit: 1, IsPro: 0

COMMAND LINE ARGUMENTS:
C:\Program Files\Unity\Hub\Editor\2020.3.22f1\Editor\Unity.exe
-adb2
-batchMode
-noUpm
-name
AssetImportWorker0
-projectPath
C:/Users/Lárus/Desktop/Skóli/FORR3FL05EU/hryllingsleikur
-logFile
Logs/AssetImportWorker0.log
-srvPort
50120
Successfully changed project path to: C:/Users/Lárus/Desktop/Skóli/FORR3FL05EU/hryllingsleikur
C:/Users/Lárus/Desktop/Skóli/FORR3FL05EU/hryllingsleikur
Using Asset Import Pipeline V2.
Refreshing native plugins compatible for Editor in 36.68 ms, found 3 plugins.
Preloading 0 native plugins for Editor in 0.00 ms.
Initialize engine version: 2020.3.22f1 (e1a7f79fd887)
[Subsystems] Discovering subsystems at path C:/Program Files/Unity/Hub/Editor/2020.3.22f1/Editor/Data/Resources/UnitySubsystems
[Subsystems] Discovering subsystems at path C:/Users/Lárus/Desktop/Skóli/FORR3FL05EU/hryllingsleikur/Assets
GfxDevice: creating device client; threaded=0
Direct3D:
    Version:  Direct3D 11.0 [level 11.1]
    Renderer: NVIDIA GeForce RTX 3070 (ID=0x2484)
    Vendor:   
    VRAM:     8043 MB
    Driver:   31.0.15.1694
Initialize mono
Mono path[0] = 'C:/Program Files/Unity/Hub/Editor/2020.3.22f1/Editor/Data/Managed'
Mono path[1] = 'C:/Program Files/Unity/Hub/Editor/2020.3.22f1/Editor/Data/MonoBleedingEdge/lib/mono/unityjit'
Mono config path = 'C:/Program Files/Unity/Hub/Editor/2020.3.22f1/Editor/Data/MonoBleedingEdge/etc'
Using monoOptions --debugger-agent=transport=dt_socket,embedding=1,server=y,suspend=n,address=127.0.0.1:56748
Begin MonoManager ReloadAssembly
Registering precompiled unity dll's ...
Register platform support module: C:/Program Files/Unity/Hub/Editor/2020.3.22f1/Editor/Data/PlaybackEngines/WebGLSupport/UnityEditor.WebGL.Extensions.dll
Register platform support module: C:/Program Files/Unity/Hub/Editor/2020.3.22f1/Editor/Data/PlaybackEngines/WindowsStandaloneSupport/UnityEditor.WindowsStandalone.Extensions.dll
Registered in 0.001782 seconds.
Native extension for WindowsStandalone target not found
Native extension for WebGL target not found
Refreshing native plugins compatible for Editor in 54.67 ms, found 3 plugins.
Preloading 0 native plugins for Editor in 0.00 ms.
Mono: successfully reloaded assembly
- Completed reload, in  0.928 seconds
Domain Reload Profiling:
	ReloadAssembly (929ms)
		BeginReloadAssembly (42ms)
			ExecutionOrderSort (0ms)
			DisableScriptedObjects (0ms)
			BackupInstance (0ms)
			ReleaseScriptingObjects (0ms)
			CreateAndSetChildDomain (1ms)
		EndReloadAssembly (373ms)
			LoadAssemblies (41ms)
			RebuildTransferFunctionScriptingTraits (0ms)
			SetupTypeCache (118ms)
			ReleaseScriptCaches (0ms)
			RebuildScriptCaches (23ms)
			SetupLoadedEditorAssemblies (155ms)
				LogAssemblyErrors (0ms)
				InitializePlatformSupportModulesInManaged (4ms)
				SetLoadedEditorAssemblies (0ms)
				RefreshPlugins (55ms)
				BeforeProcessingInitializeOnLoad (7ms)
				ProcessInitializeOnLoadAttributes (65ms)
				ProcessInitializeOnLoadMethodAttributes (24ms)
				AfterProcessingInitializeOnLoad (0ms)
				EditorAssembliesLoaded (0ms)
			ExecutionOrderSort2 (0ms)
			AwakeInstancesAfterBackupRestoration (0ms)
Platform modules already initialized, skipping
Registering precompiled user dll's ...
Registered in 0.003950 seconds.
Begin MonoManager ReloadAssembly
Native extension for WindowsStandalone target not found
Native extension for WebGL target not found
Refreshing native plugins compatible for Editor in 35.23 ms, found 3 plugins.
Preloading 0 native plugins for Editor in 0.00 ms.
Mono: successfully reloaded assembly
- Completed reload, in  0.890 seconds
Domain Reload Profiling:
	ReloadAssembly (891ms)
		BeginReloadAssembly (116ms)
			ExecutionOrderSort (0ms)
			DisableScriptedObjects (6ms)
			BackupInstance (0ms)
			ReleaseScriptingObjects (0ms)
			CreateAndSetChildDomain (13ms)
		EndReloadAssembly (726ms)
			LoadAssemblies (70ms)
			RebuildTransferFunctionScriptingTraits (0ms)
			SetupTypeCache (238ms)
			ReleaseScriptCaches (0ms)
			RebuildScriptCaches (41ms)
			SetupLoadedEditorAssemblies (271ms)
				LogAssemblyErrors (0ms)
				InitializePlatformSupportModulesInManaged (4ms)
				SetLoadedEditorAssemblies (0ms)
				RefreshPlugins (35ms)
				BeforeProcessingInitializeOnLoad (53ms)
				ProcessInitializeOnLoadAttributes (156ms)
				ProcessInitializeOnLoadMethodAttributes (17ms)
				AfterProcessingInitializeOnLoad (6ms)
				EditorAssembliesLoaded (0ms)
			ExecutionOrderSort2 (0ms)
			AwakeInstancesAfterBackupRestoration (5ms)
Platform modules already initialized, skipping
========================================================================
Worker process is ready to serve import requests
Launched and connected shader compiler UnityShaderCompiler.exe after 0.03 seconds
Refreshing native plugins compatible for Editor in 0.66 ms, found 3 plugins.
Preloading 0 native plugins for Editor in 0.00 ms.
Unloading 2185 Unused Serialized files (Serialized files now loaded: 0)
System memory in use before: 95.8 MB.
System memory in use after: 95.8 MB.

Unloading 28 unused Assets to reduce memory usage. Loaded Objects now: 2619.
Total: 2.725200 ms (FindLiveObjects: 0.151100 ms CreateObjectMapping: 0.105500 ms MarkObjects: 2.418400 ms  DeleteObjects: 0.049200 ms)

AssetImportParameters requested are different than current active one (requested -> active):
  custom:framework-win-MediaFoundation: 216162199b28c13a410421893ffa2e32 -> 
  custom:video-decoder-ogg-theora: a1e56fd34408186e4bbccfd4996cb3dc -> 
  custom:container-muxer-webm: aa71ff27fc2769a1b78a27578f13a17b -> 
  custom:container-demuxer-webm: 4f35f7cbe854078d1ac9338744f61a02 -> 
  custom:container-demuxer-ogg: 62fdf1f143b41e24485cea50d1cbac27 -> 
  custom:video-encoder-webm-vp8: eb34c28f22e8b96e1ab97ce403110664 -> 
  custom:video-decoder-webm-vp8: 9c59270c3fd7afecdb556c50c9e8de78 -> 
  custom:audio-decoder-ogg-vorbis: bf7c407c2cedff20999df2af8eb42d56 -> 
  custom:audio-encoder-webm-vorbis: bf7c407c2cedff20999df2af8eb42d56 -> 
========================================================================
Received Import Request.
  path: Assets/Scenes/Level_1.unity
  artifactKey: Guid(753d3446847d3e446b1a18b7aee97928) Importer(815301076,1909f56bfc062723c751e8b465ee728b)
Start importing Assets/Scenes/Level_1.unity using Guid(753d3446847d3e446b1a18b7aee97928) Importer(815301076,1909f56bfc062723c751e8b465ee728b)  -> (artifact id: '05ccdba30513879235aed7120636fa57') in 0.012779 seconds 
  Import took 0.015689 seconds .

========================================================================
Received Import Request.
  Time since last request: 362.768093 seconds.
  path: ProjectSettings/TagManager.asset
  artifactKey: Guid(00000000000000003000000000000000) Importer(815301076,1909f56bfc062723c751e8b465ee728b)
Start importing ProjectSettings/TagManager.asset using Guid(00000000000000003000000000000000) Importer(815301076,1909f56bfc062723c751e8b465ee728b)  -> (artifact id: '95df672b4aaba54310d34c83eef51bb8') in 0.067452 seconds 
  Import took 0.074968 seconds .

========================================================================
Received Import Request.
  Time since last request: 331.692881 seconds.
  path: Assets/Images/Background.png
  artifactKey: Guid(c32a7d1cf0a498a47b09897bcfbe546b) Importer(815301076,1909f56bfc062723c751e8b465ee728b)
Start importing Assets/Images/Background.png using Guid(c32a7d1cf0a498a47b09897bcfbe546b) Importer(815301076,1909f56bfc062723c751e8b465ee728b)  -> (artifact id: 'f5e43d98e642f60526e36d20cd099483') in 0.088152 seconds 
  Import took 0.091432 seconds .

========================================================================
Received Import Request.
  Time since last request: 0.000135 seconds.
  path: Assets/Images/Start screen.jpg
  artifactKey: Guid(401cf49ca826adc4197567a25ca3633a) Importer(815301076,1909f56bfc062723c751e8b465ee728b)
Start importing Assets/Images/Start screen.jpg using Guid(401cf49ca826adc4197567a25ca3633a) Importer(815301076,1909f56bfc062723c751e8b465ee728b)  -> (artifact id: 'd17e39aa04fe8e32105d56445019c236') in 0.017735 seconds 
  Import took 0.020822 seconds .

========================================================================
Received Import Request.
  Time since last request: 13.894154 seconds.
  path: Assets/Images
  artifactKey: Guid(6b5982b13a0039347823cedad7759d49) Importer(815301076,1909f56bfc062723c751e8b465ee728b)
Start importing Assets/Images using Guid(6b5982b13a0039347823cedad7759d49) Importer(815301076,1909f56bfc062723c751e8b465ee728b)  -> (artifact id: 'fd35bdafb5b43d4a864c14f31f769fc8') in 0.014586 seconds 
  Import took 0.022011 seconds .

========================================================================
Received Import Request.
  Time since last request: 12.017345 seconds.
  path: Assets/Images/BackgroundMaterial.mat
  artifactKey: Guid(1e60330aed95dda44972c864456e28a1) Importer(815301076,1909f56bfc062723c751e8b465ee728b)
Start importing Assets/Images/BackgroundMaterial.mat using Guid(1e60330aed95dda44972c864456e28a1) Importer(815301076,1909f56bfc062723c751e8b465ee728b)  -> (artifact id: '4953320a2e3b683a4df51730f3318851') in 0.042747 seconds 
  Import took 0.045412 seconds .

========================================================================
Received Import Request.
  Time since last request: 81.021718 seconds.
  path: Packages/com.unity.collab-proxy/Editor/Collaborate/Assets/Icons/added-file-dark.png
  artifactKey: Guid(1a4f52b613391cd449af3ad2e44affeb) Importer(815301076,1909f56bfc062723c751e8b465ee728b)
Start importing Packages/com.unity.collab-proxy/Editor/Collaborate/Assets/Icons/added-file-dark.png using Guid(1a4f52b613391cd449af3ad2e44affeb) Importer(815301076,1909f56bfc062723c751e8b465ee728b)  -> (artifact id: 'b6c50c6b02d9b73c5e2e4a85549794a4') in 0.022784 seconds 
  Import took 0.025600 seconds .

========================================================================
Received Import Request.
  Time since last request: 0.000114 seconds.
  path: Assets/Cainos/Pixel Art Icon Pack - RPG/Texture/Weapon & Tool/Axe.png
  artifactKey: Guid(6a08ec4b334ea1c46b8171679417a74f) Importer(815301076,1909f56bfc062723c751e8b465ee728b)
Start importing Assets/Cainos/Pixel Art Icon Pack - RPG/Texture/Weapon & Tool/Axe.png using Guid(6a08ec4b334ea1c46b8171679417a74f) Importer(815301076,1909f56bfc062723c751e8b465ee728b)  -> (artifact id: 'e1491f365c30dcc552c238bb1c6335c7') in 0.033818 seconds 
  Import took 0.036914 seconds .

========================================================================
Received Import Request.
  Time since last request: 0.000131 seconds.
  path: Assets/Cainos/Pixel Art Icon Pack - RPG/Texture/Weapon & Tool/Arrow.png
  artifactKey: Guid(59c8cd2a91ad7f846b9efd79b945c356) Importer(815301076,1909f56bfc062723c751e8b465ee728b)
Start importing Assets/Cainos/Pixel Art Icon Pack - RPG/Texture/Weapon & Tool/Arrow.png using Guid(59c8cd2a91ad7f846b9efd79b945c356) Importer(815301076,1909f56bfc062723c751e8b465ee728b)  -> (artifact id: '6d3ef24ca46ac94a62069f228e5eac46') in 0.013882 seconds 
  Import took 0.017447 seconds .

========================================================================
Received Import Request.
  Time since last request: 0.000140 seconds.
  path: Assets/Cainos/Pixel Art Icon Pack - RPG/Texture/Food/Apple.png
  artifactKey: Guid(da7129ed6a246f048a49d8d97de2d2d4) Importer(815301076,1909f56bfc062723c751e8b465ee728b)
Start importing Assets/Cainos/Pixel Art Icon Pack - RPG/Texture/Food/Apple.png using Guid(da7129ed6a246f048a49d8d97de2d2d4) Importer(815301076,1909f56bfc062723c751e8b465ee728b)  -> (artifact id: '240824367c0020f4fd5d51e47aba7a4a') in 0.012044 seconds 
  Import took 0.015997 seconds .

========================================================================
Received Import Request.
  Time since last request: 0.000126 seconds.
  path: Packages/com.unity.collab-proxy/Editor/Collaborate/Assets/Icons/back-dark.png
  artifactKey: Guid(8e3ec2dfd58b79842aa78376678a9a05) Importer(815301076,1909f56bfc062723c751e8b465ee728b)
Start importing Packages/com.unity.collab-proxy/Editor/Collaborate/Assets/Icons/back-dark.png using Guid(8e3ec2dfd58b79842aa78376678a9a05) Importer(815301076,1909f56bfc062723c751e8b465ee728b)  -> (artifact id: '6418a2c11981f0acf802666f81ff2714') in 0.011288 seconds 
  Import took 0.014082 seconds .

========================================================================
Received Import Request.
  Time since last request: 0.000102 seconds.
  path: Packages/com.unity.collab-proxy/Editor/Collaborate/Assets/Icons/added-file-dark@2x.png
  artifactKey: Guid(c223e0c507e2c6549a2cb97441b62cbe) Importer(815301076,1909f56bfc062723c751e8b465ee728b)
Start importing Packages/com.unity.collab-proxy/Editor/Collaborate/Assets/Icons/added-file-dark@2x.png using Guid(c223e0c507e2c6549a2cb97441b62cbe) Importer(815301076,1909f56bfc062723c751e8b465ee728b)  -> (artifact id: 'f9424499d8ed03e8df785259fedae1b3') in 0.012021 seconds 
  Import took 0.014790 seconds .

========================================================================
Received Import Request.
  Time since last request: 0.000117 seconds.
  path: Packages/com.unity.collab-proxy/Editor/Collaborate/Assets/Icons/added-file-light@2x.png
  artifactKey: Guid(ec2e3aa6d0ab8ce4eac29b56d65d61d5) Importer(815301076,1909f56bfc062723c751e8b465ee728b)
Start importing Packages/com.unity.collab-proxy/Editor/Collaborate/Assets/Icons/added-file-light@2x.png using Guid(ec2e3aa6d0ab8ce4eac29b56d65d61d5) Importer(815301076,1909f56bfc062723c751e8b465ee728b)  -> (artifact id: 'a4de0a7a5e4ce4511bc09095573cae8b') in 0.011562 seconds 
  Import took 0.014237 seconds .

========================================================================
Received Import Request.
  Time since last request: 0.000116 seconds.
  path: Packages/com.unity.collab-proxy/Editor/Collaborate/Assets/Icons/added-file-light.png
  artifactKey: Guid(397fff6c3885f8343bb65714f0064b5d) Importer(815301076,1909f56bfc062723c751e8b465ee728b)
Start importing Packages/com.unity.collab-proxy/Editor/Collaborate/Assets/Icons/added-file-light.png using Guid(397fff6c3885f8343bb65714f0064b5d) Importer(815301076,1909f56bfc062723c751e8b465ee728b)  -> (artifact id: 'c673a4f73ecb39b34c0c364ab5d41a87') in 0.011751 seconds 
  Import took 0.014465 seconds .

========================================================================
Received Import Request.
  Time since last request: 9.156496 seconds.
  path: Packages/com.unity.collab-proxy/Editor/Collaborate/Assets/Icons/back-dark@2x.png
  artifactKey: Guid(9c6313a5316f8a34b852bf94ff96e3ab) Importer(815301076,1909f56bfc062723c751e8b465ee728b)
Start importing Packages/com.unity.collab-proxy/Editor/Collaborate/Assets/Icons/back-dark@2x.png using Guid(9c6313a5316f8a34b852bf94ff96e3ab) Importer(815301076,1909f56bfc062723c751e8b465ee728b)  -> (artifact id: '626b8d703df2186d7c867ee863820d3e') in 0.045387 seconds 
  Import took 0.053327 seconds .

========================================================================
Received Import Request.
  Time since last request: 0.000302 seconds.
  path: Packages/com.unity.collab-proxy/Editor/Collaborate/Assets/Icons/back-light.png
  artifactKey: Guid(e676ab7aa99535447a763c9f88bf9260) Importer(815301076,1909f56bfc062723c751e8b465ee728b)
Start importing Packages/com.unity.collab-proxy/Editor/Collaborate/Assets/Icons/back-light.png using Guid(e676ab7aa99535447a763c9f88bf9260) Importer(815301076,1909f56bfc062723c751e8b465ee728b)  -> (artifact id: '31b0a8c754a76bc310ba5fbde663e255') in 0.050022 seconds 
  Import took 0.054525 seconds .

========================================================================
Received Import Request.
  Time since last request: 0.384213 seconds.
  path: Packages/com.unity.collab-proxy/Editor/Collaborate/Assets/Icons/back-light@2x.png
  artifactKey: Guid(f5c57327df0fa294c8209aa216435167) Importer(815301076,1909f56bfc062723c751e8b465ee728b)
Start importing Packages/com.unity.collab-proxy/Editor/Collaborate/Assets/Icons/back-light@2x.png using Guid(f5c57327df0fa294c8209aa216435167) Importer(815301076,1909f56bfc062723c751e8b465ee728b)  -> (artifact id: '9126f2c6a09177ddfe777bcef538ff86') in 0.048818 seconds 
  Import took 0.058060 seconds .

========================================================================
Received Import Request.
  Time since last request: 0.111542 seconds.
  path: Assets/Cainos/Pixel Art Icon Pack - RPG/Texture/Equipment/Bag.png
  artifactKey: Guid(93dbc8f96dc6c00418ba8f1a8e8992e4) Importer(815301076,1909f56bfc062723c751e8b465ee728b)
Start importing Assets/Cainos/Pixel Art Icon Pack - RPG/Texture/Equipment/Bag.png using Guid(93dbc8f96dc6c00418ba8f1a8e8992e4) Importer(815301076,1909f56bfc062723c751e8b465ee728b)  -> (artifact id: '36761653e4304ef88146dc70ff517ebe') in 0.024078 seconds 
  Import took 0.030960 seconds .

========================================================================
Received Import Request.
  Time since last request: 0.000276 seconds.
  path: Assets/Cainos/Pixel Art Icon Pack - RPG/Texture/Food/Beer.png
  artifactKey: Guid(d0c05b9125ed56349a5385e1a77547b7) Importer(815301076,1909f56bfc062723c751e8b465ee728b)
Start importing Assets/Cainos/Pixel Art Icon Pack - RPG/Texture/Food/Beer.png using Guid(d0c05b9125ed56349a5385e1a77547b7) Importer(815301076,1909f56bfc062723c751e8b465ee728b)  -> (artifact id: '4eeea4e2305cf4a783997ec90262ba8a') in 0.023377 seconds 
  Import took 0.028310 seconds .

========================================================================
Received Import Request.
  Time since last request: 0.230961 seconds.
  path: Assets/Cainos/Pixel Art Icon Pack - RPG/Texture/Equipment/Belt.png
  artifactKey: Guid(6858a15e5082cf34b9ee3167e90403d3) Importer(815301076,1909f56bfc062723c751e8b465ee728b)
Start importing Assets/Cainos/Pixel Art Icon Pack - RPG/Texture/Equipment/Belt.png using Guid(6858a15e5082cf34b9ee3167e90403d3) Importer(815301076,1909f56bfc062723c751e8b465ee728b)  -> (artifact id: '081b365046d2e6d529165662fb44c003') in 0.011833 seconds 
  Import took 0.014492 seconds .

========================================================================
Received Import Request.
  Time since last request: 0.000107 seconds.
  path: Assets/Cainos/Pixel Art Icon Pack - RPG/Texture/Potion/Blue Potion.png
  artifactKey: Guid(b7f77607c82ea4142a2070c0e37e1756) Importer(815301076,1909f56bfc062723c751e8b465ee728b)
Start importing Assets/Cainos/Pixel Art Icon Pack - RPG/Texture/Potion/Blue Potion.png using Guid(b7f77607c82ea4142a2070c0e37e1756) Importer(815301076,1909f56bfc062723c751e8b465ee728b)  -> (artifact id: '3eff2f246ccd7677bf8dd2cfa85b3ad7') in 0.018628 seconds 
  Import took 0.021017 seconds .

========================================================================
Received Prepare
Registering precompiled user dll's ...
Registered in 0.003662 seconds.
Begin MonoManager ReloadAssembly
Native extension for WindowsStandalone target not found
Native extension for WebGL target not found
Refreshing native plugins compatible for Editor in 0.40 ms, found 3 plugins.
Preloading 0 native plugins for Editor in 0.00 ms.
Mono: successfully reloaded assembly
- Completed reload, in  0.942 seconds
Domain Reload Profiling:
	ReloadAssembly (942ms)
		BeginReloadAssembly (111ms)
			ExecutionOrderSort (0ms)
			DisableScriptedObjects (5ms)
			BackupInstance (0ms)
			ReleaseScriptingObjects (0ms)
			CreateAndSetChildDomain (31ms)
		EndReloadAssembly (772ms)
			LoadAssemblies (82ms)
			RebuildTransferFunctionScriptingTraits (0ms)
			SetupTypeCache (274ms)
			ReleaseScriptCaches (1ms)
			RebuildScriptCaches (34ms)
			SetupLoadedEditorAssemblies (296ms)
				LogAssemblyErrors (0ms)
				InitializePlatformSupportModulesInManaged (5ms)
				SetLoadedEditorAssemblies (0ms)
				RefreshPlugins (0ms)
				BeforeProcessingInitializeOnLoad (61ms)
				ProcessInitializeOnLoadAttributes (215ms)
				ProcessInitializeOnLoadMethodAttributes (9ms)
				AfterProcessingInitializeOnLoad (6ms)
				EditorAssembliesLoaded (0ms)
			ExecutionOrderSort2 (0ms)
			AwakeInstancesAfterBackupRestoration (7ms)
Platform modules already initialized, skipping
Refreshing native plugins compatible for Editor in 0.94 ms, found 3 plugins.
Preloading 0 native plugins for Editor in 0.00 ms.
Unloading 2172 Unused Serialized files (Serialized files now loaded: 0)
System memory in use before: 98.2 MB.
System memory in use after: 98.3 MB.

Unloading 18 unused Assets to reduce memory usage. Loaded Objects now: 2666.
Total: 3.164400 ms (FindLiveObjects: 0.226900 ms CreateObjectMapping: 0.081600 ms MarkObjects: 2.838900 ms  DeleteObjects: 0.016000 ms)

AssetImportParameters requested are different than current active one (requested -> active):
  custom:framework-win-MediaFoundation: 216162199b28c13a410421893ffa2e32 -> 
  custom:video-decoder-ogg-theora: a1e56fd34408186e4bbccfd4996cb3dc -> 
  custom:container-muxer-webm: aa71ff27fc2769a1b78a27578f13a17b -> 
  custom:container-demuxer-webm: 4f35f7cbe854078d1ac9338744f61a02 -> 
  custom:container-demuxer-ogg: 62fdf1f143b41e24485cea50d1cbac27 -> 
  custom:video-encoder-webm-vp8: eb34c28f22e8b96e1ab97ce403110664 -> 
  custom:video-decoder-webm-vp8: 9c59270c3fd7afecdb556c50c9e8de78 -> 
  custom:audio-decoder-ogg-vorbis: bf7c407c2cedff20999df2af8eb42d56 -> 
  custom:audio-encoder-webm-vorbis: bf7c407c2cedff20999df2af8eb42d56 -> 
========================================================================
Received Import Request.
  Time since last request: 393.705001 seconds.
  path: Assets/Images/BackgroundMaterial.mat
  artifactKey: Guid(1e60330aed95dda44972c864456e28a1) Importer(815301076,1909f56bfc062723c751e8b465ee728b)
Start importing Assets/Images/BackgroundMaterial.mat using Guid(1e60330aed95dda44972c864456e28a1) Importer(815301076,1909f56bfc062723c751e8b465ee728b)  -> (artifact id: '8dd4b6db0a853753b6c0d3eb0f1748fb') in 0.067752 seconds 
  Import took 0.072556 seconds .

========================================================================
Received Import Request.
  Time since last request: 2.445700 seconds.
  path: Assets/Scenes/MainMenu.unity
  artifactKey: Guid(576367779b2a3e146ad55457a13e5465) Importer(815301076,1909f56bfc062723c751e8b465ee728b)
Start importing Assets/Scenes/MainMenu.unity using Guid(576367779b2a3e146ad55457a13e5465) Importer(815301076,1909f56bfc062723c751e8b465ee728b)  -> (artifact id: '2cf4045faa1e3db3d938c53ae65e2b13') in 0.005704 seconds 
  Import took 0.008773 seconds .

========================================================================
Received Import Request.
  Time since last request: 20.572898 seconds.
  path: Assets/Scenes/Level_1.unity
  artifactKey: Guid(753d3446847d3e446b1a18b7aee97928) Importer(815301076,1909f56bfc062723c751e8b465ee728b)
Start importing Assets/Scenes/Level_1.unity using Guid(753d3446847d3e446b1a18b7aee97928) Importer(815301076,1909f56bfc062723c751e8b465ee728b)  -> (artifact id: '7748b817587511ef8f7798eb121a4874') in 0.005149 seconds 
  Import took 0.012022 seconds .

========================================================================
Received Prepare
Registering precompiled user dll's ...
Registered in 0.003399 seconds.
Begin MonoManager ReloadAssembly
Native extension for WindowsStandalone target not found
Native extension for WebGL target not found
Refreshing native plugins compatible for Editor in 0.40 ms, found 3 plugins.
Preloading 0 native plugins for Editor in 0.00 ms.
Mono: successfully reloaded assembly
- Completed reload, in  0.859 seconds
Domain Reload Profiling:
	ReloadAssembly (859ms)
		BeginReloadAssembly (98ms)
			ExecutionOrderSort (0ms)
			DisableScriptedObjects (4ms)
			BackupInstance (0ms)
			ReleaseScriptingObjects (0ms)
			CreateAndSetChildDomain (29ms)
		EndReloadAssembly (709ms)
			LoadAssemblies (72ms)
			RebuildTransferFunctionScriptingTraits (0ms)
			SetupTypeCache (228ms)
			ReleaseScriptCaches (1ms)
			RebuildScriptCaches (33ms)
			SetupLoadedEditorAssemblies (280ms)
				LogAssemblyErrors (0ms)
				InitializePlatformSupportModulesInManaged (5ms)
				SetLoadedEditorAssemblies (0ms)
				RefreshPlugins (0ms)
				BeforeProcessingInitializeOnLoad (53ms)
				ProcessInitializeOnLoadAttributes (203ms)
				ProcessInitializeOnLoadMethodAttributes (13ms)
				AfterProcessingInitializeOnLoad (5ms)
				EditorAssembliesLoaded (0ms)
			ExecutionOrderSort2 (0ms)
			AwakeInstancesAfterBackupRestoration (9ms)
Platform modules already initialized, skipping
Refreshing native plugins compatible for Editor in 0.43 ms, found 3 plugins.
Preloading 0 native plugins for Editor in 0.00 ms.
Unloading 2172 Unused Serialized files (Serialized files now loaded: 0)
System memory in use before: 98.2 MB.
System memory in use after: 98.3 MB.

Unloading 17 unused Assets to reduce memory usage. Loaded Objects now: 2669.
Total: 2.463300 ms (FindLiveObjects: 0.163100 ms CreateObjectMapping: 0.077500 ms MarkObjects: 2.203900 ms  DeleteObjects: 0.018000 ms)

AssetImportParameters requested are different than current active one (requested -> active):
  custom:framework-win-MediaFoundation: 216162199b28c13a410421893ffa2e32 -> 
  custom:video-decoder-ogg-theora: a1e56fd34408186e4bbccfd4996cb3dc -> 
  custom:container-muxer-webm: aa71ff27fc2769a1b78a27578f13a17b -> 
  custom:container-demuxer-webm: 4f35f7cbe854078d1ac9338744f61a02 -> 
  custom:container-demuxer-ogg: 62fdf1f143b41e24485cea50d1cbac27 -> 
  custom:video-encoder-webm-vp8: eb34c28f22e8b96e1ab97ce403110664 -> 
  custom:video-decoder-webm-vp8: 9c59270c3fd7afecdb556c50c9e8de78 -> 
  custom:audio-decoder-ogg-vorbis: bf7c407c2cedff20999df2af8eb42d56 -> 
  custom:audio-encoder-webm-vorbis: bf7c407c2cedff20999df2af8eb42d56 -> 
========================================================================
Received Import Request.
  Time since last request: 219.277155 seconds.
  path: ProjectSettings/TagManager.asset
  artifactKey: Guid(00000000000000003000000000000000) Importer(815301076,1909f56bfc062723c751e8b465ee728b)
Start importing ProjectSettings/TagManager.asset using Guid(00000000000000003000000000000000) Importer(815301076,1909f56bfc062723c751e8b465ee728b)  -> (artifact id: 'df990340c6bd1f4edef24b39a541fa44') in 0.011993 seconds 
  Import took 0.015266 seconds .

========================================================================
Received Import Request.
  Time since last request: 96.711773 seconds.
  path: Assets/Tiny Platformer - Forest Asset Pack/tilemaps.prefab
  artifactKey: Guid(93cae3831fb93cf42abc0f119c38a5ec) Importer(815301076,1909f56bfc062723c751e8b465ee728b)
Start importing Assets/Tiny Platformer - Forest Asset Pack/tilemaps.prefab using Guid(93cae3831fb93cf42abc0f119c38a5ec) Importer(815301076,1909f56bfc062723c751e8b465ee728b)  -> (artifact id: 'cedfe111e5f6f26fb295763e29505214') in 0.046782 seconds 
  Import took 0.049419 seconds .

========================================================================
Received Import Request.
  Time since last request: 91.024234 seconds.
  path: Assets/CasualGameSounds/DM-CGS-01.wav
  artifactKey: Guid(32d4b1811dda14a6cb9e059ee8ad17d2) Importer(815301076,1909f56bfc062723c751e8b465ee728b)
Start importing Assets/CasualGameSounds/DM-CGS-01.wav using Guid(32d4b1811dda14a6cb9e059ee8ad17d2) Importer(815301076,1909f56bfc062723c751e8b465ee728b)  -> (artifact id: 'f5242936307de7c233fd16a61198fcb2') in 0.022431 seconds 
  Import took 0.025243 seconds .

========================================================================
Received Import Request.
  Time since last request: 0.000122 seconds.
  path: Assets/CasualGameSounds/DM-CGS-47.wav
  artifactKey: Guid(d46323e22e74e46baa241cbf48c85671) Importer(815301076,1909f56bfc062723c751e8b465ee728b)
Start importing Assets/CasualGameSounds/DM-CGS-47.wav using Guid(d46323e22e74e46baa241cbf48c85671) Importer(815301076,1909f56bfc062723c751e8b465ee728b)  -> (artifact id: '30f19d8fa6efff39a7b9637961512ed2') in 0.012533 seconds 
  Import took 0.014990 seconds .

========================================================================
Received Import Request.
  Time since last request: 0.000108 seconds.
  path: Assets/CasualGameSounds/DM-CGS-18.wav
  artifactKey: Guid(2667a0a008b044e218b63df62e2be749) Importer(815301076,1909f56bfc062723c751e8b465ee728b)
Start importing Assets/CasualGameSounds/DM-CGS-18.wav using Guid(2667a0a008b044e218b63df62e2be749) Importer(815301076,1909f56bfc062723c751e8b465ee728b)  -> (artifact id: '0173bee78ff4930a3dd972b6479c940e') in 0.009813 seconds 
  Import took 0.012377 seconds .

========================================================================
Received Import Request.
  Time since last request: 0.000114 seconds.
  path: Assets/CasualGameSounds/DM-CGS-38.wav
  artifactKey: Guid(84e427d6b66ab4066b6a4dcd0ce819ee) Importer(815301076,1909f56bfc062723c751e8b465ee728b)
Start importing Assets/CasualGameSounds/DM-CGS-38.wav using Guid(84e427d6b66ab4066b6a4dcd0ce819ee) Importer(815301076,1909f56bfc062723c751e8b465ee728b)  -> (artifact id: '853098b9aa5dcea8d31b1097e8a929dd') in 0.015652 seconds 
  Import took 0.018819 seconds .

========================================================================
Received Import Request.
  Time since last request: 0.000114 seconds.
  path: Assets/CasualGameSounds/DM-CGS-16.wav
  artifactKey: Guid(724131bc8a7f34041bb9f1701f0cb58d) Importer(815301076,1909f56bfc062723c751e8b465ee728b)
Start importing Assets/CasualGameSounds/DM-CGS-16.wav using Guid(724131bc8a7f34041bb9f1701f0cb58d) Importer(815301076,1909f56bfc062723c751e8b465ee728b)  -> (artifact id: 'c8af914a79a8b01683658ee3b3c2fc8b') in 0.011576 seconds 
  Import took 0.013999 seconds .

========================================================================
Received Import Request.
  Time since last request: 0.000112 seconds.
  path: Assets/CasualGameSounds/DM-CGS-19.wav
  artifactKey: Guid(81652031b64c342cc8dbc59c138d77c5) Importer(815301076,1909f56bfc062723c751e8b465ee728b)
Start importing Assets/CasualGameSounds/DM-CGS-19.wav using Guid(81652031b64c342cc8dbc59c138d77c5) Importer(815301076,1909f56bfc062723c751e8b465ee728b)  -> (artifact id: 'b12d31232c000cd4e32ee0358defc31a') in 0.010959 seconds 
  Import took 0.013442 seconds .

========================================================================
Received Import Request.
  Time since last request: 0.000116 seconds.
  path: Assets/CasualGameSounds/DM-CGS-30.wav
  artifactKey: Guid(130a177e727814a2ea78a886ab72213d) Importer(815301076,1909f56bfc062723c751e8b465ee728b)
Start importing Assets/CasualGameSounds/DM-CGS-30.wav using Guid(130a177e727814a2ea78a886ab72213d) Importer(815301076,1909f56bfc062723c751e8b465ee728b)  -> (artifact id: 'bd61cd8f7a43bb2238bae098156a5e43') in 0.012079 seconds 
  Import took 0.014528 seconds .

========================================================================
Received Import Request.
  Time since last request: 0.000115 seconds.
  path: Assets/CasualGameSounds/DM-CGS-24.wav
  artifactKey: Guid(657578e4be6b64dbf9b09deada272e55) Importer(815301076,1909f56bfc062723c751e8b465ee728b)
Start importing Assets/CasualGameSounds/DM-CGS-24.wav using Guid(657578e4be6b64dbf9b09deada272e55) Importer(815301076,1909f56bfc062723c751e8b465ee728b)  -> (artifact id: 'ad6ab3c1e21938fe2c99917a4b32d5fd') in 0.010779 seconds 
  Import took 0.013239 seconds .

========================================================================
Received Import Request.
  Time since last request: 0.000181 seconds.
  path: Assets/CasualGameSounds/DM-CGS-25.wav
  artifactKey: Guid(5fdb13d3756c84fecac96f5a2d124370) Importer(815301076,1909f56bfc062723c751e8b465ee728b)
Start importing Assets/CasualGameSounds/DM-CGS-25.wav using Guid(5fdb13d3756c84fecac96f5a2d124370) Importer(815301076,1909f56bfc062723c751e8b465ee728b)  -> (artifact id: '83286da6d2cabf8be91f40b9caa60b67') in 0.013414 seconds 
  Import took 0.015902 seconds .

========================================================================
Received Import Request.
  Time since last request: 0.000149 seconds.
  path: Assets/CasualGameSounds/DM-CGS-10.wav
  artifactKey: Guid(cabfae866cab347928b74b7d0ca6bfa9) Importer(815301076,1909f56bfc062723c751e8b465ee728b)
Start importing Assets/CasualGameSounds/DM-CGS-10.wav using Guid(cabfae866cab347928b74b7d0ca6bfa9) Importer(815301076,1909f56bfc062723c751e8b465ee728b)  -> (artifact id: 'ffafc4bb2b38493cbead90060d6ae408') in 0.011672 seconds 
  Import took 0.014173 seconds .

========================================================================
Received Import Request.
  Time since last request: 0.000105 seconds.
  path: Assets/CasualGameSounds/DM-CGS-17.wav
  artifactKey: Guid(b9eff218e132a4e76be78840eca96fb2) Importer(815301076,1909f56bfc062723c751e8b465ee728b)
Start importing Assets/CasualGameSounds/DM-CGS-17.wav using Guid(b9eff218e132a4e76be78840eca96fb2) Importer(815301076,1909f56bfc062723c751e8b465ee728b)  -> (artifact id: '9d07c69ed8f4e3b1721a574cc85053ef') in 0.014349 seconds 
  Import took 0.016893 seconds .

========================================================================
Received Import Request.
  Time since last request: 0.000121 seconds.
  path: Assets/CasualGameSounds/DM-CGS-15.wav
  artifactKey: Guid(0c008ee3ee72a4362a35be25fa5de043) Importer(815301076,1909f56bfc062723c751e8b465ee728b)
Start importing Assets/CasualGameSounds/DM-CGS-15.wav using Guid(0c008ee3ee72a4362a35be25fa5de043) Importer(815301076,1909f56bfc062723c751e8b465ee728b)  -> (artifact id: '5ec16b9d32e0adbfee125c4e5c505089') in 0.010592 seconds 
  Import took 0.013092 seconds .

========================================================================
Received Import Request.
  Time since last request: 0.000114 seconds.
  path: Assets/CasualGameSounds/DM-CGS-07.wav
  artifactKey: Guid(2c5292ba5cf254919a6b9e2b18e04f49) Importer(815301076,1909f56bfc062723c751e8b465ee728b)
Start importing Assets/CasualGameSounds/DM-CGS-07.wav using Guid(2c5292ba5cf254919a6b9e2b18e04f49) Importer(815301076,1909f56bfc062723c751e8b465ee728b)  -> (artifact id: 'cd30160d58e35a601dea1538d1efd538') in 0.011358 seconds 
  Import took 0.013862 seconds .

========================================================================
Received Import Request.
  Time since last request: 0.000114 seconds.
  path: Assets/CasualGameSounds/DM-CGS-23.wav
  artifactKey: Guid(a0ca8964c08d54c5dbebf245bdc474ca) Importer(815301076,1909f56bfc062723c751e8b465ee728b)
Start importing Assets/CasualGameSounds/DM-CGS-23.wav using Guid(a0ca8964c08d54c5dbebf245bdc474ca) Importer(815301076,1909f56bfc062723c751e8b465ee728b)  -> (artifact id: '563ca88439d58bb5feac9b65d921aa7d') in 0.010056 seconds 
  Import took 0.012598 seconds .

========================================================================
Received Import Request.
  Time since last request: 0.000111 seconds.
  path: Assets/CasualGameSounds/DM-CGS-48.wav
  artifactKey: Guid(7e26c9daf4c32483b9c2790e662d3f1b) Importer(815301076,1909f56bfc062723c751e8b465ee728b)
Start importing Assets/CasualGameSounds/DM-CGS-48.wav using Guid(7e26c9daf4c32483b9c2790e662d3f1b) Importer(815301076,1909f56bfc062723c751e8b465ee728b)  -> (artifact id: 'c9fadd0c62b836a6b281ff707750a3cf') in 0.012871 seconds 
  Import took 0.015283 seconds .

========================================================================
Received Import Request.
  Time since last request: 0.000118 seconds.
  path: Assets/CasualGameSounds/DM-CGS-04.wav
  artifactKey: Guid(c5e2a73ad4706440f93bf05df0b465fe) Importer(815301076,1909f56bfc062723c751e8b465ee728b)
Start importing Assets/CasualGameSounds/DM-CGS-04.wav using Guid(c5e2a73ad4706440f93bf05df0b465fe) Importer(815301076,1909f56bfc062723c751e8b465ee728b)  -> (artifact id: '80e07b7789a3529c8825e00a0d0f6de4') in 0.009956 seconds 
  Import took 0.012488 seconds .

========================================================================
Received Import Request.
  Time since last request: 0.000108 seconds.
  path: Assets/CasualGameSounds/DM-CGS-05.wav
  artifactKey: Guid(b99da9a57308d4ba1bee1cf1d9038376) Importer(815301076,1909f56bfc062723c751e8b465ee728b)
Start importing Assets/CasualGameSounds/DM-CGS-05.wav using Guid(b99da9a57308d4ba1bee1cf1d9038376) Importer(815301076,1909f56bfc062723c751e8b465ee728b)  -> (artifact id: '3067abac0d3924f2db8b7187aa715a3a') in 0.011932 seconds 
  Import took 0.014422 seconds .

========================================================================
Received Import Request.
  Time since last request: 0.000117 seconds.
  path: Assets/CasualGameSounds/DM-CGS-14.wav
  artifactKey: Guid(b6428d4edb06344ba829da4edd9967c1) Importer(815301076,1909f56bfc062723c751e8b465ee728b)
Start importing Assets/CasualGameSounds/DM-CGS-14.wav using Guid(b6428d4edb06344ba829da4edd9967c1) Importer(815301076,1909f56bfc062723c751e8b465ee728b)  -> (artifact id: '4c05acf47fcaa68c58e8d54b90c0aba5') in 0.011455 seconds 
  Import took 0.013856 seconds .

========================================================================
Received Import Request.
  Time since last request: 0.000118 seconds.
  path: Assets/CasualGameSounds/DM-CGS-49.wav
  artifactKey: Guid(7bef0064f8567430cac22499c6b93d4f) Importer(815301076,1909f56bfc062723c751e8b465ee728b)
Start importing Assets/CasualGameSounds/DM-CGS-49.wav using Guid(7bef0064f8567430cac22499c6b93d4f) Importer(815301076,1909f56bfc062723c751e8b465ee728b)  -> (artifact id: 'b710559d34c3df6319ca4f6a640658ce') in 0.009510 seconds 
  Import took 0.012018 seconds .

========================================================================
Received Import Request.
  Time since last request: 0.000126 seconds.
  path: Assets/CasualGameSounds/DM-CGS-31.wav
  artifactKey: Guid(cf6c0e7fbef9449c98a0cdb5ea0c4d9f) Importer(815301076,1909f56bfc062723c751e8b465ee728b)
Start importing Assets/CasualGameSounds/DM-CGS-31.wav using Guid(cf6c0e7fbef9449c98a0cdb5ea0c4d9f) Importer(815301076,1909f56bfc062723c751e8b465ee728b)  -> (artifact id: 'bc6ac5a0303084c9c83d74977f8f289f') in 0.013724 seconds 
  Import took 0.016259 seconds .

========================================================================
Received Import Request.
  Time since last request: 0.000116 seconds.
  path: Assets/CasualGameSounds/DM-CGS-40.wav
  artifactKey: Guid(0994c12e202f342459a4212e7287f7e8) Importer(815301076,1909f56bfc062723c751e8b465ee728b)
Start importing Assets/CasualGameSounds/DM-CGS-40.wav using Guid(0994c12e202f342459a4212e7287f7e8) Importer(815301076,1909f56bfc062723c751e8b465ee728b)  -> (artifact id: '46beb2413900f74a42b1d3f445def1c5') in 0.009294 seconds 
  Import took 0.011846 seconds .

========================================================================
Received Import Request.
  Time since last request: 0.000108 seconds.
  path: Assets/CasualGameSounds/DM-CGS-41.wav
  artifactKey: Guid(7e9ee6dc04a5d40d1a5dfc4beb9865e7) Importer(815301076,1909f56bfc062723c751e8b465ee728b)
Start importing Assets/CasualGameSounds/DM-CGS-41.wav using Guid(7e9ee6dc04a5d40d1a5dfc4beb9865e7) Importer(815301076,1909f56bfc062723c751e8b465ee728b)  -> (artifact id: '7e756f612e61923f93981f1768b77bd2') in 0.008905 seconds 
  Import took 0.011448 seconds .

========================================================================
Received Import Request.
  Time since last request: 0.000108 seconds.
  path: Assets/CasualGameSounds/DM-CGS-03.wav
  artifactKey: Guid(19f89c6e740e7447f9e12a8310d3e973) Importer(815301076,1909f56bfc062723c751e8b465ee728b)
Start importing Assets/CasualGameSounds/DM-CGS-03.wav using Guid(19f89c6e740e7447f9e12a8310d3e973) Importer(815301076,1909f56bfc062723c751e8b465ee728b)  -> (artifact id: '317e432e78212216422dcecb0ee65988') in 0.009257 seconds 
  Import took 0.011654 seconds .

========================================================================
Received Import Request.
  Time since last request: 0.000146 seconds.
  path: Assets/CasualGameSounds/DM-CGS-37.wav
  artifactKey: Guid(a931da70ee74947d5a047de583170ade) Importer(815301076,1909f56bfc062723c751e8b465ee728b)
Start importing Assets/CasualGameSounds/DM-CGS-37.wav using Guid(a931da70ee74947d5a047de583170ade) Importer(815301076,1909f56bfc062723c751e8b465ee728b)  -> (artifact id: 'f0e95a5c7cf3fcfcb3d8cc1d3b5c5a6f') in 0.009237 seconds 
  Import took 0.011758 seconds .

========================================================================
Received Import Request.
  Time since last request: 0.000115 seconds.
  path: Assets/CasualGameSounds/DM-CGS-06.wav
  artifactKey: Guid(a235d590ef2a04d1b85b61ef4c21337c) Importer(815301076,1909f56bfc062723c751e8b465ee728b)
Start importing Assets/CasualGameSounds/DM-CGS-06.wav using Guid(a235d590ef2a04d1b85b61ef4c21337c) Importer(815301076,1909f56bfc062723c751e8b465ee728b)  -> (artifact id: 'd5d24ad5de4891ab4066c4b8d321922a') in 0.009395 seconds 
  Import took 0.011963 seconds .

========================================================================
Received Import Request.
  Time since last request: 0.000107 seconds.
  path: Assets/CasualGameSounds/DM-CGS-27.wav
  artifactKey: Guid(5039414d94a6e4e70a5ab9e8833e992a) Importer(815301076,1909f56bfc062723c751e8b465ee728b)
Start importing Assets/CasualGameSounds/DM-CGS-27.wav using Guid(5039414d94a6e4e70a5ab9e8833e992a) Importer(815301076,1909f56bfc062723c751e8b465ee728b)  -> (artifact id: '7d97fc0dc9accecf73405664c5c217b6') in 0.009916 seconds 
  Import took 0.012454 seconds .

========================================================================
Received Import Request.
  Time since last request: 0.000116 seconds.
  path: Assets/CasualGameSounds/DM-CGS-50.wav
  artifactKey: Guid(79e6baad2fd414b82a6d49ce1568d2e5) Importer(815301076,1909f56bfc062723c751e8b465ee728b)
Start importing Assets/CasualGameSounds/DM-CGS-50.wav using Guid(79e6baad2fd414b82a6d49ce1568d2e5) Importer(815301076,1909f56bfc062723c751e8b465ee728b)  -> (artifact id: '9b1617e582c4397642bbcb1ecd152a8a') in 0.008882 seconds 
  Import took 0.011328 seconds .

========================================================================
Received Import Request.
  Time since last request: 0.000110 seconds.
  path: Assets/CasualGameSounds/DM-CGS-22.wav
  artifactKey: Guid(d8d04c6f80a1140db85ede568dab1f51) Importer(815301076,1909f56bfc062723c751e8b465ee728b)
Start importing Assets/CasualGameSounds/DM-CGS-22.wav using Guid(d8d04c6f80a1140db85ede568dab1f51) Importer(815301076,1909f56bfc062723c751e8b465ee728b)  -> (artifact id: '662400b16b61b0ec7d5dd956bf4b36e8') in 0.009132 seconds 
  Import took 0.011565 seconds .

========================================================================
Received Import Request.
  Time since last request: 0.000102 seconds.
  path: Assets/CasualGameSounds/DM-CGS-39.wav
  artifactKey: Guid(3becec1909f194046945d85ac1077772) Importer(815301076,1909f56bfc062723c751e8b465ee728b)
Start importing Assets/CasualGameSounds/DM-CGS-39.wav using Guid(3becec1909f194046945d85ac1077772) Importer(815301076,1909f56bfc062723c751e8b465ee728b)  -> (artifact id: '74a885adddf5eea6e0d2c093b346451e') in 0.009129 seconds 
  Import took 0.011725 seconds .

========================================================================
Received Import Request.
  Time since last request: 0.000116 seconds.
  path: Assets/CasualGameSounds/DM-CGS-12.wav
  artifactKey: Guid(7478151cf36724a7dada558f746c3633) Importer(815301076,1909f56bfc062723c751e8b465ee728b)
Start importing Assets/CasualGameSounds/DM-CGS-12.wav using Guid(7478151cf36724a7dada558f746c3633) Importer(815301076,1909f56bfc062723c751e8b465ee728b)  -> (artifact id: '06b24fc7aeddc2b7f36fbbcb5c1ef3cc') in 0.008664 seconds 
  Import took 0.011181 seconds .

========================================================================
Received Import Request.
  Time since last request: 0.000100 seconds.
  path: Assets/CasualGameSounds/DM-CGS-20.wav
  artifactKey: Guid(6e8772b49f34d402a90016ed445d8a2f) Importer(815301076,1909f56bfc062723c751e8b465ee728b)
Start importing Assets/CasualGameSounds/DM-CGS-20.wav using Guid(6e8772b49f34d402a90016ed445d8a2f) Importer(815301076,1909f56bfc062723c751e8b465ee728b)  -> (artifact id: '12c3cc02a2bbbf75e50ca67f89b097f2') in 0.008873 seconds 
  Import took 0.011441 seconds .

========================================================================
Received Import Request.
  Time since last request: 0.000108 seconds.
  path: Assets/CasualGameSounds/DM-CGS-11.wav
  artifactKey: Guid(a0010a1a0c474473b81729eb770c485f) Importer(815301076,1909f56bfc062723c751e8b465ee728b)
Start importing Assets/CasualGameSounds/DM-CGS-11.wav using Guid(a0010a1a0c474473b81729eb770c485f) Importer(815301076,1909f56bfc062723c751e8b465ee728b)  -> (artifact id: '29cb50bda7eff05f832d20ff6e9f53c0') in 0.008824 seconds 
  Import took 0.011270 seconds .

========================================================================
Received Import Request.
  Time since last request: 0.000117 seconds.
  path: Assets/CasualGameSounds/DM-CGS-42.wav
  artifactKey: Guid(38a17a92b9d9748c6a1e67972041b833) Importer(815301076,1909f56bfc062723c751e8b465ee728b)
Start importing Assets/CasualGameSounds/DM-CGS-42.wav using Guid(38a17a92b9d9748c6a1e67972041b833) Importer(815301076,1909f56bfc062723c751e8b465ee728b)  -> (artifact id: '5b76160b8c0a9c5aac79daec2b6b30bc') in 0.008573 seconds 
  Import took 0.011056 seconds .

========================================================================
Received Import Request.
  Time since last request: 0.000107 seconds.
  path: Assets/CasualGameSounds/DM-CGS-45.wav
  artifactKey: Guid(52320e590bf774734a288886eba557ba) Importer(815301076,1909f56bfc062723c751e8b465ee728b)
Start importing Assets/CasualGameSounds/DM-CGS-45.wav using Guid(52320e590bf774734a288886eba557ba) Importer(815301076,1909f56bfc062723c751e8b465ee728b)  -> (artifact id: 'b02c95752d1b520b09c69f54c0fa6606') in 0.009273 seconds 
  Import took 0.012021 seconds .

========================================================================
Received Import Request.
  Time since last request: 0.000115 seconds.
  path: Assets/CasualGameSounds/DM-CGS-32.wav
  artifactKey: Guid(29bde6326b4c34ad8a12da475f79b50a) Importer(815301076,1909f56bfc062723c751e8b465ee728b)
Start importing Assets/CasualGameSounds/DM-CGS-32.wav using Guid(29bde6326b4c34ad8a12da475f79b50a) Importer(815301076,1909f56bfc062723c751e8b465ee728b)  -> (artifact id: '24586f428bdea82fe63a88e534540c51') in 0.008879 seconds 
  Import took 0.011390 seconds .

========================================================================
Received Import Request.
  Time since last request: 0.000112 seconds.
  path: Assets/CasualGameSounds/DM-CGS-26.wav
  artifactKey: Guid(7bd6b897eb5ca4b7d88a205c4a51640c) Importer(815301076,1909f56bfc062723c751e8b465ee728b)
Start importing Assets/CasualGameSounds/DM-CGS-26.wav using Guid(7bd6b897eb5ca4b7d88a205c4a51640c) Importer(815301076,1909f56bfc062723c751e8b465ee728b)  -> (artifact id: 'da5d4896ca45dc1072b8b32feb42f714') in 0.008581 seconds 
  Import took 0.011130 seconds .

========================================================================
Received Import Request.
  Time since last request: 0.000120 seconds.
  path: Assets/CasualGameSounds/DM-CGS-29.wav
  artifactKey: Guid(80e397195ea2940b69ee7bdbded856a5) Importer(815301076,1909f56bfc062723c751e8b465ee728b)
Start importing Assets/CasualGameSounds/DM-CGS-29.wav using Guid(80e397195ea2940b69ee7bdbded856a5) Importer(815301076,1909f56bfc062723c751e8b465ee728b)  -> (artifact id: '9676c257d0210061b32b27b811d9c6e5') in 0.008738 seconds 
  Import took 0.011331 seconds .

========================================================================
Received Import Request.
  Time since last request: 0.000111 seconds.
  path: Assets/CasualGameSounds/DM-CGS-46.wav
  artifactKey: Guid(fe0b1f9aeb45b41b089175aeeabd5d95) Importer(815301076,1909f56bfc062723c751e8b465ee728b)
Start importing Assets/CasualGameSounds/DM-CGS-46.wav using Guid(fe0b1f9aeb45b41b089175aeeabd5d95) Importer(815301076,1909f56bfc062723c751e8b465ee728b)  -> (artifact id: '6762ae174f0d24320f2f0889bd001160') in 0.009295 seconds 
  Import took 0.011856 seconds .

========================================================================
Received Import Request.
  Time since last request: 0.000109 seconds.
  path: Assets/CasualGameSounds/DM-CGS-35.wav
  artifactKey: Guid(89e6bc608da7b47d4914f3d9c2484e48) Importer(815301076,1909f56bfc062723c751e8b465ee728b)
Start importing Assets/CasualGameSounds/DM-CGS-35.wav using Guid(89e6bc608da7b47d4914f3d9c2484e48) Importer(815301076,1909f56bfc062723c751e8b465ee728b)  -> (artifact id: 'e62aa84ee6728e31f43dcbaaaf2c5102') in 0.008630 seconds 
  Import took 0.011087 seconds .

========================================================================
Received Import Request.
  Time since last request: 0.000107 seconds.
  path: Assets/CasualGameSounds/DM-CGS-08.wav
  artifactKey: Guid(4e1ff8faed12a475eba9be0e46072269) Importer(815301076,1909f56bfc062723c751e8b465ee728b)
Start importing Assets/CasualGameSounds/DM-CGS-08.wav using Guid(4e1ff8faed12a475eba9be0e46072269) Importer(815301076,1909f56bfc062723c751e8b465ee728b)  -> (artifact id: 'eec8ebd46a17c60a80901247c27a6c5b') in 0.008705 seconds 
  Import took 0.011320 seconds .

========================================================================
Received Import Request.
  Time since last request: 0.000112 seconds.
  path: Assets/CasualGameSounds/DM-CGS-36.wav
  artifactKey: Guid(df729d213c4be44a9b55cd109f5cd4f9) Importer(815301076,1909f56bfc062723c751e8b465ee728b)
Start importing Assets/CasualGameSounds/DM-CGS-36.wav using Guid(df729d213c4be44a9b55cd109f5cd4f9) Importer(815301076,1909f56bfc062723c751e8b465ee728b)  -> (artifact id: '3c9353b35ac5b1098207d29cb05d65a1') in 0.008658 seconds 
  Import took 0.011107 seconds .

========================================================================
Received Import Request.
  Time since last request: 0.000112 seconds.
  path: Assets/CasualGameSounds/DM-CGS-09.wav
  artifactKey: Guid(ff5f85da24bc943d1abdc5760a22bc81) Importer(815301076,1909f56bfc062723c751e8b465ee728b)
Start importing Assets/CasualGameSounds/DM-CGS-09.wav using Guid(ff5f85da24bc943d1abdc5760a22bc81) Importer(815301076,1909f56bfc062723c751e8b465ee728b)  -> (artifact id: '3663bd0762ae139096900196cfc47a0f') in 0.009716 seconds 
  Import took 0.012288 seconds .

========================================================================
Received Import Request.
  Time since last request: 0.000119 seconds.
  path: Assets/CasualGameSounds/DM-CGS-33.wav
  artifactKey: Guid(35fbad8cdde724f11ba6481f1e64af71) Importer(815301076,1909f56bfc062723c751e8b465ee728b)
Start importing Assets/CasualGameSounds/DM-CGS-33.wav using Guid(35fbad8cdde724f11ba6481f1e64af71) Importer(815301076,1909f56bfc062723c751e8b465ee728b)  -> (artifact id: 'b1640ecce4c6ef74ab4857d5ebb6da7c') in 0.009195 seconds 
  Import took 0.011807 seconds .

========================================================================
Received Import Request.
  Time since last request: 0.000110 seconds.
  path: Assets/CasualGameSounds/DM-CGS-13.wav
  artifactKey: Guid(72127805eb2bc4e7fbf2e02eca266cfa) Importer(815301076,1909f56bfc062723c751e8b465ee728b)
Start importing Assets/CasualGameSounds/DM-CGS-13.wav using Guid(72127805eb2bc4e7fbf2e02eca266cfa) Importer(815301076,1909f56bfc062723c751e8b465ee728b)  -> (artifact id: '0971f2980d2501b18b774a1a7d13b044') in 0.009180 seconds 
  Import took 0.011622 seconds .

========================================================================
Received Import Request.
  Time since last request: 0.000112 seconds.
  path: Assets/CasualGameSounds/DM-CGS-43.wav
  artifactKey: Guid(4b4dd7245f6104c8c8eb07ccf6b386ed) Importer(815301076,1909f56bfc062723c751e8b465ee728b)
Start importing Assets/CasualGameSounds/DM-CGS-43.wav using Guid(4b4dd7245f6104c8c8eb07ccf6b386ed) Importer(815301076,1909f56bfc062723c751e8b465ee728b)  -> (artifact id: 'b16d26ae1624058a13cd4c98c754df40') in 0.009133 seconds 
  Import took 0.011615 seconds .

========================================================================
Received Import Request.
  Time since last request: 0.000117 seconds.
  path: Assets/CasualGameSounds/DM-CGS-21.wav
  artifactKey: Guid(ffb159a21c8a04135a5616979c828fab) Importer(815301076,1909f56bfc062723c751e8b465ee728b)
Start importing Assets/CasualGameSounds/DM-CGS-21.wav using Guid(ffb159a21c8a04135a5616979c828fab) Importer(815301076,1909f56bfc062723c751e8b465ee728b)  -> (artifact id: '24259b4c1bc0e5c52063dc70504d160b') in 0.009259 seconds 
  Import took 0.011735 seconds .

========================================================================
Received Import Request.
  Time since last request: 0.000114 seconds.
  path: Assets/CasualGameSounds/DM-CGS-28.wav
  artifactKey: Guid(79180f511d89441b9aa23ccae1992fe0) Importer(815301076,1909f56bfc062723c751e8b465ee728b)
Start importing Assets/CasualGameSounds/DM-CGS-28.wav using Guid(79180f511d89441b9aa23ccae1992fe0) Importer(815301076,1909f56bfc062723c751e8b465ee728b)  -> (artifact id: 'dd50d26b5e4003966a2d7d40aa1d3bb8') in 0.009885 seconds 
  Import took 0.012429 seconds .

========================================================================
Received Import Request.
  Time since last request: 0.000109 seconds.
  path: Assets/CasualGameSounds/DM-CGS-34.wav
  artifactKey: Guid(881e3f52c86c94f26a60718d35627cd8) Importer(815301076,1909f56bfc062723c751e8b465ee728b)
Start importing Assets/CasualGameSounds/DM-CGS-34.wav using Guid(881e3f52c86c94f26a60718d35627cd8) Importer(815301076,1909f56bfc062723c751e8b465ee728b)  -> (artifact id: 'f08dfa4752506a2987f1b851e381a1d9') in 0.009552 seconds 
  Import took 0.012016 seconds .

========================================================================
Received Import Request.
  Time since last request: 0.000105 seconds.
  path: Assets/CasualGameSounds/DM-CGS-02.wav
  artifactKey: Guid(dc6614beca09347ec9b258f12d154bdd) Importer(815301076,1909f56bfc062723c751e8b465ee728b)
Start importing Assets/CasualGameSounds/DM-CGS-02.wav using Guid(dc6614beca09347ec9b258f12d154bdd) Importer(815301076,1909f56bfc062723c751e8b465ee728b)  -> (artifact id: 'bd61bd9b596fda45c7459593b059f15b') in 0.008861 seconds 
  Import took 0.011348 seconds .

========================================================================
Received Import Request.
  Time since last request: 0.000122 seconds.
  path: Assets/CasualGameSounds/DM-CGS-44.wav
  artifactKey: Guid(b43d102aac6b145468dcaa94a5cccae1) Importer(815301076,1909f56bfc062723c751e8b465ee728b)
Start importing Assets/CasualGameSounds/DM-CGS-44.wav using Guid(b43d102aac6b145468dcaa94a5cccae1) Importer(815301076,1909f56bfc062723c751e8b465ee728b)  -> (artifact id: 'af2ce9dfa427f654ddd5a0fcbcf3b7a4') in 0.008800 seconds 
  Import took 0.011350 seconds .

========================================================================
Received Import Request.
  Time since last request: 12.898940 seconds.
  path: Assets/Pixel Monster Pack/sprite-sheet-32x32.png
  artifactKey: Guid(c3a0ffcab94f86043aa02beca70d680b) Importer(815301076,1909f56bfc062723c751e8b465ee728b)
Start importing Assets/Pixel Monster Pack/sprite-sheet-32x32.png using Guid(c3a0ffcab94f86043aa02beca70d680b) Importer(815301076,1909f56bfc062723c751e8b465ee728b)  -> (artifact id: '2056ce2295caf319cfcc3128a0e5a307') in 0.084373 seconds 
  Import took 0.087180 seconds .

========================================================================
Received Import Request.
  Time since last request: 0.000102 seconds.
  path: Assets/Pixel Monster Pack/sprite-sheet-64x64.png
  artifactKey: Guid(c6551d5c9e174f44ba33a4a4e61b94d0) Importer(815301076,1909f56bfc062723c751e8b465ee728b)
Start importing Assets/Pixel Monster Pack/sprite-sheet-64x64.png using Guid(c6551d5c9e174f44ba33a4a4e61b94d0) Importer(815301076,1909f56bfc062723c751e8b465ee728b)  -> (artifact id: 'e53f6197c6b97680d9d7becb594eb022') in 0.075242 seconds 
  Import took 0.077884 seconds .

========================================================================
Received Import Request.
  Time since last request: 6.879600 seconds.
  path: Assets/Tiny Platformer - Forest Asset Pack/Tilemap/Tiles/Tileset_0.asset
  artifactKey: Guid(603679dc4d41f4042b600d738e57f3be) Importer(815301076,1909f56bfc062723c751e8b465ee728b)
Start importing Assets/Tiny Platformer - Forest Asset Pack/Tilemap/Tiles/Tileset_0.asset using Guid(603679dc4d41f4042b600d738e57f3be) Importer(815301076,1909f56bfc062723c751e8b465ee728b)  -> (artifact id: 'adeef7cecebd5331def016b394277ddc') in 0.039074 seconds 
  Import took 0.044313 seconds .

========================================================================
Received Import Request.
  Time since last request: 0.000177 seconds.
  path: Assets/Tiny Platformer - Forest Asset Pack/Tilemap/Tiles/Tileset_8.asset
  artifactKey: Guid(1d522ee5a2e92e9449842557069bfd91) Importer(815301076,1909f56bfc062723c751e8b465ee728b)
Start importing Assets/Tiny Platformer - Forest Asset Pack/Tilemap/Tiles/Tileset_8.asset using Guid(1d522ee5a2e92e9449842557069bfd91) Importer(815301076,1909f56bfc062723c751e8b465ee728b)  -> (artifact id: '303ab20abf16d4bfeffbb1fd9eccce24') in 0.015527 seconds 
  Import took 0.018912 seconds .

========================================================================
Received Import Request.
  Time since last request: 0.000163 seconds.
  path: Assets/Tiny Platformer - Forest Asset Pack/Tilemap/Tiles/Tileset_9.asset
  artifactKey: Guid(adca7f2ad7080bc4b8244c46e0b14e66) Importer(815301076,1909f56bfc062723c751e8b465ee728b)
Start importing Assets/Tiny Platformer - Forest Asset Pack/Tilemap/Tiles/Tileset_9.asset using Guid(adca7f2ad7080bc4b8244c46e0b14e66) Importer(815301076,1909f56bfc062723c751e8b465ee728b)  -> (artifact id: '4ecaff787f98f8f06dc0e81b030a0c32') in 0.013307 seconds 
  Import took 0.016942 seconds .

========================================================================
Received Import Request.
  Time since last request: 0.000145 seconds.
  path: Assets/Tiny Platformer - Forest Asset Pack/Tilemap/Tiles/Tileset_27.asset
  artifactKey: Guid(fece0d801d9568c4dad2bc79b284ac29) Importer(815301076,1909f56bfc062723c751e8b465ee728b)
Start importing Assets/Tiny Platformer - Forest Asset Pack/Tilemap/Tiles/Tileset_27.asset using Guid(fece0d801d9568c4dad2bc79b284ac29) Importer(815301076,1909f56bfc062723c751e8b465ee728b)  -> (artifact id: '334ba80fc21dcdcc58c9dc004956f9b7') in 0.012767 seconds 
  Import took 0.015856 seconds .

========================================================================
Received Import Request.
  Time since last request: 0.000117 seconds.
  path: Assets/Tiny Platformer - Forest Asset Pack/Tilemap/Tiles/Tileset_15.asset
  artifactKey: Guid(ba7b7dc68f155fb4b9c1dc618311a0e9) Importer(815301076,1909f56bfc062723c751e8b465ee728b)
Start importing Assets/Tiny Platformer - Forest Asset Pack/Tilemap/Tiles/Tileset_15.asset using Guid(ba7b7dc68f155fb4b9c1dc618311a0e9) Importer(815301076,1909f56bfc062723c751e8b465ee728b)  -> (artifact id: '5a2eddb5895c949538c75a148d093163') in 0.010631 seconds 
  Import took 0.013246 seconds .

========================================================================
Received Import Request.
  Time since last request: 0.000100 seconds.
  path: Assets/Tiny Platformer - Forest Asset Pack/Tilemap/Tiles/Tileset_2.asset
  artifactKey: Guid(03efe1063a540bb418f7f09cb4e1871f) Importer(815301076,1909f56bfc062723c751e8b465ee728b)
Start importing Assets/Tiny Platformer - Forest Asset Pack/Tilemap/Tiles/Tileset_2.asset using Guid(03efe1063a540bb418f7f09cb4e1871f) Importer(815301076,1909f56bfc062723c751e8b465ee728b)  -> (artifact id: '0db81c051c244404d8d62161213bb999') in 0.011891 seconds 
  Import took 0.014418 seconds .

========================================================================
Received Import Request.
  Time since last request: 0.000109 seconds.
  path: Assets/Tiny Platformer - Forest Asset Pack/Tilemap/Tiles/Tileset_32.asset
  artifactKey: Guid(5335f9ad129a13b4a84cc22181f32a7d) Importer(815301076,1909f56bfc062723c751e8b465ee728b)
Start importing Assets/Tiny Platformer - Forest Asset Pack/Tilemap/Tiles/Tileset_32.asset using Guid(5335f9ad129a13b4a84cc22181f32a7d) Importer(815301076,1909f56bfc062723c751e8b465ee728b)  -> (artifact id: '4fafae43d5bf305f5d2cd0a30202d19a') in 0.010460 seconds 
  Import took 0.012962 seconds .

========================================================================
Received Import Request.
  Time since last request: 0.000115 seconds.
  path: Assets/Tiny Platformer - Forest Asset Pack/Tilemap/Tiles/Tileset_13.asset
  artifactKey: Guid(63768e74a1cd4b746a04e8e6045cfe2b) Importer(815301076,1909f56bfc062723c751e8b465ee728b)
Start importing Assets/Tiny Platformer - Forest Asset Pack/Tilemap/Tiles/Tileset_13.asset using Guid(63768e74a1cd4b746a04e8e6045cfe2b) Importer(815301076,1909f56bfc062723c751e8b465ee728b)  -> (artifact id: '4dd2c9d02ec2b4b8ee7b7f3aa098d01c') in 0.009498 seconds 
  Import took 0.012054 seconds .

========================================================================
Received Import Request.
  Time since last request: 0.000109 seconds.
  path: Assets/Tiny Platformer - Forest Asset Pack/Tilemap/Tiles/Tileset_17.asset
  artifactKey: Guid(36bda5dff25eae842858054f9ca4b049) Importer(815301076,1909f56bfc062723c751e8b465ee728b)
Start importing Assets/Tiny Platformer - Forest Asset Pack/Tilemap/Tiles/Tileset_17.asset using Guid(36bda5dff25eae842858054f9ca4b049) Importer(815301076,1909f56bfc062723c751e8b465ee728b)  -> (artifact id: '5e280e5597ab0b8f28c1e47989a890f0') in 0.014156 seconds 
  Import took 0.016703 seconds .

========================================================================
Received Import Request.
  Time since last request: 0.000121 seconds.
  path: Assets/Tiny Platformer - Forest Asset Pack/Tilemap/Tiles/Tileset_12.asset
  artifactKey: Guid(fc41b7c531c241340810d8a708d854f4) Importer(815301076,1909f56bfc062723c751e8b465ee728b)
Start importing Assets/Tiny Platformer - Forest Asset Pack/Tilemap/Tiles/Tileset_12.asset using Guid(fc41b7c531c241340810d8a708d854f4) Importer(815301076,1909f56bfc062723c751e8b465ee728b)  -> (artifact id: '89fb8fb4318596f05682da8a7cbcce51') in 0.011176 seconds 
  Import took 0.013982 seconds .

========================================================================
Received Import Request.
  Time since last request: 0.000113 seconds.
  path: Assets/Tiny Platformer - Forest Asset Pack/Tilemap/Tiles/Tileset_38.asset
  artifactKey: Guid(161d325c1d2b6ae448fc3a761e9fc3d0) Importer(815301076,1909f56bfc062723c751e8b465ee728b)
Start importing Assets/Tiny Platformer - Forest Asset Pack/Tilemap/Tiles/Tileset_38.asset using Guid(161d325c1d2b6ae448fc3a761e9fc3d0) Importer(815301076,1909f56bfc062723c751e8b465ee728b)  -> (artifact id: 'c902a67b8cbe0ec8d6c589fd907611e8') in 0.023100 seconds 
  Import took 0.025673 seconds .

========================================================================
Received Import Request.
  Time since last request: 0.000106 seconds.
  path: Assets/Tiny Platformer - Forest Asset Pack/Tilemap/Tiles/Tileset_23.asset
  artifactKey: Guid(b2e8591ab9d3ec24b935c9a5bc70fb67) Importer(815301076,1909f56bfc062723c751e8b465ee728b)
Start importing Assets/Tiny Platformer - Forest Asset Pack/Tilemap/Tiles/Tileset_23.asset using Guid(b2e8591ab9d3ec24b935c9a5bc70fb67) Importer(815301076,1909f56bfc062723c751e8b465ee728b)  -> (artifact id: 'f603974cb382145a5f27cf69ae4e20c9') in 0.008303 seconds 
  Import took 0.010783 seconds .

========================================================================
Received Import Request.
  Time since last request: 0.000112 seconds.
  path: Assets/Tiny Platformer - Forest Asset Pack/Tilemap/Tiles/Tileset_39.asset
  artifactKey: Guid(3bb387e86de0ca34e91530c6e533b712) Importer(815301076,1909f56bfc062723c751e8b465ee728b)
Start importing Assets/Tiny Platformer - Forest Asset Pack/Tilemap/Tiles/Tileset_39.asset using Guid(3bb387e86de0ca34e91530c6e533b712) Importer(815301076,1909f56bfc062723c751e8b465ee728b)  -> (artifact id: 'ac63968a027faaf1afb384e648df90c7') in 0.008367 seconds 
  Import took 0.010897 seconds .

========================================================================
Received Import Request.
  Time since last request: 0.000108 seconds.
  path: Assets/Tiny Platformer - Forest Asset Pack/Tilemap/Tiles/Tileset_22.asset
  artifactKey: Guid(807486dbdd2747c478e0420a7de63bd2) Importer(815301076,1909f56bfc062723c751e8b465ee728b)
Start importing Assets/Tiny Platformer - Forest Asset Pack/Tilemap/Tiles/Tileset_22.asset using Guid(807486dbdd2747c478e0420a7de63bd2) Importer(815301076,1909f56bfc062723c751e8b465ee728b)  -> (artifact id: '43e8d63d87cf3e7d3af64684abcca3f8') in 0.008231 seconds 
  Import took 0.010776 seconds .

========================================================================
Received Import Request.
  Time since last request: 0.000106 seconds.
  path: Assets/Tiny Platformer - Forest Asset Pack/Tilemap/Tiles/Tileset_11.asset
  artifactKey: Guid(b87a07e9da55bd04aa40bd7cb864a1df) Importer(815301076,1909f56bfc062723c751e8b465ee728b)
Start importing Assets/Tiny Platformer - Forest Asset Pack/Tilemap/Tiles/Tileset_11.asset using Guid(b87a07e9da55bd04aa40bd7cb864a1df) Importer(815301076,1909f56bfc062723c751e8b465ee728b)  -> (artifact id: 'e04632c4c197d9f184e435dbff524806') in 0.008164 seconds 
  Import took 0.010780 seconds .

========================================================================
Received Import Request.
  Time since last request: 0.000106 seconds.
  path: Assets/Tiny Platformer - Forest Asset Pack/Tilemap/Tiles/Tileset_5.asset
  artifactKey: Guid(b1db01ab8b9746d42a3f92f645c8b420) Importer(815301076,1909f56bfc062723c751e8b465ee728b)
Start importing Assets/Tiny Platformer - Forest Asset Pack/Tilemap/Tiles/Tileset_5.asset using Guid(b1db01ab8b9746d42a3f92f645c8b420) Importer(815301076,1909f56bfc062723c751e8b465ee728b)  -> (artifact id: '4efb1ac44f626282c09de1febdbca684') in 0.007979 seconds 
  Import took 0.010536 seconds .

========================================================================
Received Import Request.
  Time since last request: 0.000098 seconds.
  path: Assets/Tiny Platformer - Forest Asset Pack/Tilemap/Tiles/Tileset_35.asset
  artifactKey: Guid(7c48ebd7772346443bfb744901a17816) Importer(815301076,1909f56bfc062723c751e8b465ee728b)
Start importing Assets/Tiny Platformer - Forest Asset Pack/Tilemap/Tiles/Tileset_35.asset using Guid(7c48ebd7772346443bfb744901a17816) Importer(815301076,1909f56bfc062723c751e8b465ee728b)  -> (artifact id: '25bf5e493bcbd0ff5303fe6063d98af8') in 0.007949 seconds 
  Import took 0.010415 seconds .

========================================================================
Received Import Request.
  Time since last request: 0.000114 seconds.
  path: Assets/Tiny Platformer - Forest Asset Pack/Tilemap/Tiles/Tileset_24.asset
  artifactKey: Guid(16150442bb6a9e443850bf3f272c4aef) Importer(815301076,1909f56bfc062723c751e8b465ee728b)
Start importing Assets/Tiny Platformer - Forest Asset Pack/Tilemap/Tiles/Tileset_24.asset using Guid(16150442bb6a9e443850bf3f272c4aef) Importer(815301076,1909f56bfc062723c751e8b465ee728b)  -> (artifact id: '05850d50c9d46001ead0951867de720b') in 0.008698 seconds 
  Import took 0.011330 seconds .

========================================================================
Received Import Request.
  Time since last request: 0.000093 seconds.
  path: Assets/Tiny Platformer - Forest Asset Pack/Tilemap/Tiles/Tileset_28.asset
  artifactKey: Guid(bb1be9e0e12c06e4099817fc317a1e4b) Importer(815301076,1909f56bfc062723c751e8b465ee728b)
Start importing Assets/Tiny Platformer - Forest Asset Pack/Tilemap/Tiles/Tileset_28.asset using Guid(bb1be9e0e12c06e4099817fc317a1e4b) Importer(815301076,1909f56bfc062723c751e8b465ee728b)  -> (artifact id: '036667f2a39a143e0f6a4d575e5111f4') in 0.008570 seconds 
  Import took 0.011321 seconds .

========================================================================
Received Import Request.
  Time since last request: 0.000107 seconds.
  path: Assets/Tiny Platformer - Forest Asset Pack/Tilemap/Tiles/Tileset_3.asset
  artifactKey: Guid(0535b3d495b7dad4eaf3e2d639f2e087) Importer(815301076,1909f56bfc062723c751e8b465ee728b)
Start importing Assets/Tiny Platformer - Forest Asset Pack/Tilemap/Tiles/Tileset_3.asset using Guid(0535b3d495b7dad4eaf3e2d639f2e087) Importer(815301076,1909f56bfc062723c751e8b465ee728b)  -> (artifact id: '7e047c1abfc984101358c163cc941005') in 0.008794 seconds 
  Import took 0.011564 seconds .

========================================================================
Received Import Request.
  Time since last request: 0.000163 seconds.
  path: Assets/Tiny Platformer - Forest Asset Pack/Tilemap/Tiles/Tileset_31.asset
  artifactKey: Guid(31c2ad5f6d7c1a84e96a8235fb161e1a) Importer(815301076,1909f56bfc062723c751e8b465ee728b)
Start importing Assets/Tiny Platformer - Forest Asset Pack/Tilemap/Tiles/Tileset_31.asset using Guid(31c2ad5f6d7c1a84e96a8235fb161e1a) Importer(815301076,1909f56bfc062723c751e8b465ee728b)  -> (artifact id: '96ae68e7c17a0cc258e8226891a1aa46') in 0.008131 seconds 
  Import took 0.010742 seconds .

========================================================================
Received Import Request.
  Time since last request: 0.000097 seconds.
  path: Assets/Tiny Platformer - Forest Asset Pack/Tilemap/Tiles/Tileset_37.asset
  artifactKey: Guid(70d737801d77b8a47beafb81f5a8c317) Importer(815301076,1909f56bfc062723c751e8b465ee728b)
Start importing Assets/Tiny Platformer - Forest Asset Pack/Tilemap/Tiles/Tileset_37.asset using Guid(70d737801d77b8a47beafb81f5a8c317) Importer(815301076,1909f56bfc062723c751e8b465ee728b)  -> (artifact id: 'd3fcc7a93340d267b65816d688fdae67') in 0.008028 seconds 
  Import took 0.010495 seconds .

========================================================================
Received Import Request.
  Time since last request: 0.000099 seconds.
  path: Assets/Tiny Platformer - Forest Asset Pack/Tilemap/Tiles/Tileset_7.asset
  artifactKey: Guid(775f18edca5f19b40b728154ac98f8d0) Importer(815301076,1909f56bfc062723c751e8b465ee728b)
Start importing Assets/Tiny Platformer - Forest Asset Pack/Tilemap/Tiles/Tileset_7.asset using Guid(775f18edca5f19b40b728154ac98f8d0) Importer(815301076,1909f56bfc062723c751e8b465ee728b)  -> (artifact id: '21572e8c0e1f0c94e108701771c20ad1') in 0.008496 seconds 
  Import took 0.011071 seconds .

========================================================================
Received Import Request.
  Time since last request: 0.000095 seconds.
  path: Assets/Tiny Platformer - Forest Asset Pack/Tilemap/Tiles/Tileset_1.asset
  artifactKey: Guid(b3fd82008c808ee41bd611ba00453d5b) Importer(815301076,1909f56bfc062723c751e8b465ee728b)
Start importing Assets/Tiny Platformer - Forest Asset Pack/Tilemap/Tiles/Tileset_1.asset using Guid(b3fd82008c808ee41bd611ba00453d5b) Importer(815301076,1909f56bfc062723c751e8b465ee728b)  -> (artifact id: '3f54c997f0ba6595d0091e4aae115124') in 0.007973 seconds 
  Import took 0.010693 seconds .

========================================================================
Received Import Request.
  Time since last request: 0.000112 seconds.
  path: Assets/Tiny Platformer - Forest Asset Pack/Tilemap/Tiles/Tileset_14.asset
  artifactKey: Guid(94d510b3c6cd70641a0bb49c88000ce1) Importer(815301076,1909f56bfc062723c751e8b465ee728b)
Start importing Assets/Tiny Platformer - Forest Asset Pack/Tilemap/Tiles/Tileset_14.asset using Guid(94d510b3c6cd70641a0bb49c88000ce1) Importer(815301076,1909f56bfc062723c751e8b465ee728b)  -> (artifact id: '57e931315cdbb49a12b8d3b77ae83d0d') in 0.008226 seconds 
  Import took 0.010721 seconds .

========================================================================
Received Import Request.
  Time since last request: 0.000100 seconds.
  path: Assets/Tiny Platformer - Forest Asset Pack/Tilemap/Tiles/Tileset_18.asset
  artifactKey: Guid(8377fb87d06aa1e419fe0fbccdcca429) Importer(815301076,1909f56bfc062723c751e8b465ee728b)
Start importing Assets/Tiny Platformer - Forest Asset Pack/Tilemap/Tiles/Tileset_18.asset using Guid(8377fb87d06aa1e419fe0fbccdcca429) Importer(815301076,1909f56bfc062723c751e8b465ee728b)  -> (artifact id: 'dacd430c9e3847d14052a3f4ccf821c0') in 0.008467 seconds 
  Import took 0.010929 seconds .

========================================================================
Received Import Request.
  Time since last request: 0.000095 seconds.
  path: Assets/Tiny Platformer - Forest Asset Pack/Tilemap/Tiles/Tileset_6.asset
  artifactKey: Guid(e903e7ed0c9e2b24da3e3343d76d035b) Importer(815301076,1909f56bfc062723c751e8b465ee728b)
Start importing Assets/Tiny Platformer - Forest Asset Pack/Tilemap/Tiles/Tileset_6.asset using Guid(e903e7ed0c9e2b24da3e3343d76d035b) Importer(815301076,1909f56bfc062723c751e8b465ee728b)  -> (artifact id: '4625196a37630c88e006b6478f84388c') in 0.008545 seconds 
  Import took 0.011016 seconds .

========================================================================
Received Import Request.
  Time since last request: 0.000103 seconds.
  path: Assets/Tiny Platformer - Forest Asset Pack/Tilemap/Tiles/Tileset_30.asset
  artifactKey: Guid(65bee3afab3ee2f4686402f1256c6fc4) Importer(815301076,1909f56bfc062723c751e8b465ee728b)
Start importing Assets/Tiny Platformer - Forest Asset Pack/Tilemap/Tiles/Tileset_30.asset using Guid(65bee3afab3ee2f4686402f1256c6fc4) Importer(815301076,1909f56bfc062723c751e8b465ee728b)  -> (artifact id: '9730f0ba55053d032c97acdd8eea2783') in 0.008689 seconds 
  Import took 0.011369 seconds .

========================================================================
Received Import Request.
  Time since last request: 0.000117 seconds.
  path: Assets/Tiny Platformer - Forest Asset Pack/Tilemap/Tiles/Tileset_10.asset
  artifactKey: Guid(4c287d712b85a0b4b96dbdea059bf365) Importer(815301076,1909f56bfc062723c751e8b465ee728b)
Start importing Assets/Tiny Platformer - Forest Asset Pack/Tilemap/Tiles/Tileset_10.asset using Guid(4c287d712b85a0b4b96dbdea059bf365) Importer(815301076,1909f56bfc062723c751e8b465ee728b)  -> (artifact id: '19b4c94afb4b2210920c7fb7ff7bdfcc') in 0.007816 seconds 
  Import took 0.010313 seconds .

========================================================================
Received Import Request.
  Time since last request: 0.000108 seconds.
  path: Assets/Tiny Platformer - Forest Asset Pack/Tilemap/Tiles/Tileset_26.asset
  artifactKey: Guid(9e7fc4302c0488a45b081b80a716a642) Importer(815301076,1909f56bfc062723c751e8b465ee728b)
Start importing Assets/Tiny Platformer - Forest Asset Pack/Tilemap/Tiles/Tileset_26.asset using Guid(9e7fc4302c0488a45b081b80a716a642) Importer(815301076,1909f56bfc062723c751e8b465ee728b)  -> (artifact id: '22a8081849f5646385946f3db6c82c8a') in 0.008689 seconds 
  Import took 0.011513 seconds .

========================================================================
Received Import Request.
  Time since last request: 0.000099 seconds.
  path: Assets/Tiny Platformer - Forest Asset Pack/Tilemap/Tiles/Tileset_29.asset
  artifactKey: Guid(b5e3fcac71cfcfb4ea9a8704d677f992) Importer(815301076,1909f56bfc062723c751e8b465ee728b)
Start importing Assets/Tiny Platformer - Forest Asset Pack/Tilemap/Tiles/Tileset_29.asset using Guid(b5e3fcac71cfcfb4ea9a8704d677f992) Importer(815301076,1909f56bfc062723c751e8b465ee728b)  -> (artifact id: '1df2d25935919c08af457b8d923a7870') in 0.008622 seconds 
  Import took 0.011357 seconds .

========================================================================
Received Import Request.
  Time since last request: 0.000114 seconds.
  path: Assets/Tiny Platformer - Forest Asset Pack/Tilemap/Tiles/Tileset_19.asset
  artifactKey: Guid(e9625540412095e4dbfec64edac1b2e3) Importer(815301076,1909f56bfc062723c751e8b465ee728b)
Start importing Assets/Tiny Platformer - Forest Asset Pack/Tilemap/Tiles/Tileset_19.asset using Guid(e9625540412095e4dbfec64edac1b2e3) Importer(815301076,1909f56bfc062723c751e8b465ee728b)  -> (artifact id: 'f9df77317d5ecc76c2d4225c02be5964') in 0.008178 seconds 
  Import took 0.010756 seconds .

========================================================================
Received Import Request.
  Time since last request: 0.000109 seconds.
  path: Assets/Tiny Platformer - Forest Asset Pack/Tilemap/Tiles/Tileset_20.asset
  artifactKey: Guid(7ca5dc606cd0f3f40ae18e5f7af029f4) Importer(815301076,1909f56bfc062723c751e8b465ee728b)
Start importing Assets/Tiny Platformer - Forest Asset Pack/Tilemap/Tiles/Tileset_20.asset using Guid(7ca5dc606cd0f3f40ae18e5f7af029f4) Importer(815301076,1909f56bfc062723c751e8b465ee728b)  -> (artifact id: '59a6acd280a7e78f0148a9722d86ef55') in 0.007789 seconds 
  Import took 0.010308 seconds .

========================================================================
Received Import Request.
  Time since last request: 0.000108 seconds.
  path: Assets/Tiny Platformer - Forest Asset Pack/Tilemap/Tiles/Tileset_16.asset
  artifactKey: Guid(9f972ee60cabf864bbb6cc546d6256d9) Importer(815301076,1909f56bfc062723c751e8b465ee728b)
Start importing Assets/Tiny Platformer - Forest Asset Pack/Tilemap/Tiles/Tileset_16.asset using Guid(9f972ee60cabf864bbb6cc546d6256d9) Importer(815301076,1909f56bfc062723c751e8b465ee728b)  -> (artifact id: '41055e652412f9b668ca50222ff18cc2') in 0.008094 seconds 
  Import took 0.010651 seconds .

========================================================================
Received Import Request.
  Time since last request: 0.000095 seconds.
  path: Assets/Tiny Platformer - Forest Asset Pack/Tilemap/Tiles/Tileset_25.asset
  artifactKey: Guid(e7dc0e0c594a78e4abb5759d8ea581dd) Importer(815301076,1909f56bfc062723c751e8b465ee728b)
Start importing Assets/Tiny Platformer - Forest Asset Pack/Tilemap/Tiles/Tileset_25.asset using Guid(e7dc0e0c594a78e4abb5759d8ea581dd) Importer(815301076,1909f56bfc062723c751e8b465ee728b)  -> (artifact id: 'a6ea3bf4b2c71a560a014ccc94d07e40') in 0.007818 seconds 
  Import took 0.010403 seconds .

========================================================================
Received Import Request.
  Time since last request: 0.000109 seconds.
  path: Assets/Tiny Platformer - Forest Asset Pack/Tilemap/Tiles/Tileset_4.asset
  artifactKey: Guid(240b8057c8203a049b9bacb4ee0787b6) Importer(815301076,1909f56bfc062723c751e8b465ee728b)
Start importing Assets/Tiny Platformer - Forest Asset Pack/Tilemap/Tiles/Tileset_4.asset using Guid(240b8057c8203a049b9bacb4ee0787b6) Importer(815301076,1909f56bfc062723c751e8b465ee728b)  -> (artifact id: '3538261f2466d2ec6c673706c272b1b4') in 0.007690 seconds 
  Import took 0.010284 seconds .

========================================================================
Received Import Request.
  Time since last request: 0.000103 seconds.
  path: Assets/Tiny Platformer - Forest Asset Pack/Tilemap/Tiles/Tileset_21.asset
  artifactKey: Guid(8fe34c4eae0f1f94a8bd7bc0f8c2592c) Importer(815301076,1909f56bfc062723c751e8b465ee728b)
Start importing Assets/Tiny Platformer - Forest Asset Pack/Tilemap/Tiles/Tileset_21.asset using Guid(8fe34c4eae0f1f94a8bd7bc0f8c2592c) Importer(815301076,1909f56bfc062723c751e8b465ee728b)  -> (artifact id: 'c7c008b4d6937d71a5f6d217e894d263') in 0.007849 seconds 
  Import took 0.010315 seconds .

========================================================================
Received Import Request.
  Time since last request: 0.000101 seconds.
  path: Assets/Tiny Platformer - Forest Asset Pack/Tilemap/Tiles/Tileset_36.asset
  artifactKey: Guid(e976997e4ef7e8042a13fc80d4c9a7ff) Importer(815301076,1909f56bfc062723c751e8b465ee728b)
Start importing Assets/Tiny Platformer - Forest Asset Pack/Tilemap/Tiles/Tileset_36.asset using Guid(e976997e4ef7e8042a13fc80d4c9a7ff) Importer(815301076,1909f56bfc062723c751e8b465ee728b)  -> (artifact id: 'd2fc554a337cdfe317c5613c1f1c0f30') in 0.008206 seconds 
  Import took 0.011137 seconds .

========================================================================
Received Import Request.
  Time since last request: 0.000114 seconds.
  path: Assets/Tiny Platformer - Forest Asset Pack/Tilemap/Tiles/Tileset_33.asset
  artifactKey: Guid(91d893111c7082e4e97f8007d72ed565) Importer(815301076,1909f56bfc062723c751e8b465ee728b)
Start importing Assets/Tiny Platformer - Forest Asset Pack/Tilemap/Tiles/Tileset_33.asset using Guid(91d893111c7082e4e97f8007d72ed565) Importer(815301076,1909f56bfc062723c751e8b465ee728b)  -> (artifact id: '241857aefdc6f3425f71682fd2f463e6') in 0.007853 seconds 
  Import took 0.010502 seconds .

========================================================================
Received Import Request.
  Time since last request: 0.000114 seconds.
  path: Assets/Tiny Platformer - Forest Asset Pack/Tilemap/Tiles/Tileset_34.asset
  artifactKey: Guid(5eb0408227784eb4dbaf565954e10d5d) Importer(815301076,1909f56bfc062723c751e8b465ee728b)
Start importing Assets/Tiny Platformer - Forest Asset Pack/Tilemap/Tiles/Tileset_34.asset using Guid(5eb0408227784eb4dbaf565954e10d5d) Importer(815301076,1909f56bfc062723c751e8b465ee728b)  -> (artifact id: 'b7d3942365225cbdaed72cff3e58e658') in 0.008514 seconds 
  Import took 0.011746 seconds .

========================================================================
Received Import Request.
  Time since last request: 2.578605 seconds.
  path: Assets/Tiny Platformer - Forest Asset Pack/Tilemap/Palettes/Palette_01.prefab
  artifactKey: Guid(8ff14ccf06c71ff4ab83c42ecdbdbca6) Importer(815301076,1909f56bfc062723c751e8b465ee728b)
Start importing Assets/Tiny Platformer - Forest Asset Pack/Tilemap/Palettes/Palette_01.prefab using Guid(8ff14ccf06c71ff4ab83c42ecdbdbca6) Importer(815301076,1909f56bfc062723c751e8b465ee728b)  -> (artifact id: '5989155bf610137e46c112b352535830') in 0.036284 seconds 
  Import took 0.044476 seconds .

========================================================================
Received Import Request.
  Time since last request: 26.940653 seconds.
  path: Assets/Tiny Platformer - Forest Asset Pack/New Flare.flare
  artifactKey: Guid(b83f58d97570a0e4e92c46f93de1cc8f) Importer(815301076,1909f56bfc062723c751e8b465ee728b)
Start importing Assets/Tiny Platformer - Forest Asset Pack/New Flare.flare using Guid(b83f58d97570a0e4e92c46f93de1cc8f) Importer(815301076,1909f56bfc062723c751e8b465ee728b)  -> (artifact id: '8ce7ce25fd66ae38a7a9b1ad59b31127') in 0.011349 seconds 
  Import took 0.015594 seconds .

========================================================================
Received Import Request.
  Time since last request: 127.567200 seconds.
  path: Assets/Scenes/PlatformerPalette.prefab
  artifactKey: Guid(e8deee68a2a97124ebe2d776db18559e) Importer(815301076,1909f56bfc062723c751e8b465ee728b)
Start importing Assets/Scenes/PlatformerPalette.prefab using Guid(e8deee68a2a97124ebe2d776db18559e) Importer(815301076,1909f56bfc062723c751e8b465ee728b)  -> (artifact id: '09646575cc2c8fa5b669ea1bc0c4c8fd') in 0.013650 seconds 
  Import took 0.016810 seconds .

========================================================================
Received Import Request.
  Time since last request: 800.771256 seconds.
  path: Assets/Tiny Platformer - Forest Asset Pack/Tileset(16x16)/Tileset.png
  artifactKey: Guid(251fe6afce94af14a94a5740e95c4552) Importer(815301076,1909f56bfc062723c751e8b465ee728b)
Start importing Assets/Tiny Platformer - Forest Asset Pack/Tileset(16x16)/Tileset.png using Guid(251fe6afce94af14a94a5740e95c4552) Importer(815301076,1909f56bfc062723c751e8b465ee728b)  -> (artifact id: 'a94de909060595ff053594f392beb62b') in 0.241285 seconds 
  Import took 0.248224 seconds .

========================================================================
Received Import Request.
  Time since last request: 157.902795 seconds.
  path: Assets/Tiny Platformer - Forest Asset Pack/Tileset(16x16)/Tileset.png
  artifactKey: Guid(251fe6afce94af14a94a5740e95c4552) Importer(815301076,1909f56bfc062723c751e8b465ee728b)
Start importing Assets/Tiny Platformer - Forest Asset Pack/Tileset(16x16)/Tileset.png using Guid(251fe6afce94af14a94a5740e95c4552) Importer(815301076,1909f56bfc062723c751e8b465ee728b)  -> (artifact id: 'cf672376d353d3e04fa6bd887114543e') in 0.092435 seconds 
  Import took 0.095199 seconds .

========================================================================
Received Import Request.
  Time since last request: 854.781692 seconds.
  path: Assets/Scenes/Level_1.unity
  artifactKey: Guid(753d3446847d3e446b1a18b7aee97928) Importer(815301076,1909f56bfc062723c751e8b465ee728b)
Start importing Assets/Scenes/Level_1.unity using Guid(753d3446847d3e446b1a18b7aee97928) Importer(815301076,1909f56bfc062723c751e8b465ee728b)  -> (artifact id: '0d1c6b44176466e757d669a9d3e7c74d') in 0.002570 seconds 
  Import took 0.005793 seconds .

========================================================================
Received Prepare
Registering precompiled user dll's ...
Registered in 0.003407 seconds.
Begin MonoManager ReloadAssembly
Native extension for WindowsStandalone target not found
Native extension for WebGL target not found
Refreshing native plugins compatible for Editor in 0.39 ms, found 3 plugins.
Preloading 0 native plugins for Editor in 0.00 ms.
Mono: successfully reloaded assembly
- Completed reload, in  0.821 seconds
Domain Reload Profiling:
	ReloadAssembly (821ms)
		BeginReloadAssembly (98ms)
			ExecutionOrderSort (0ms)
			DisableScriptedObjects (5ms)
			BackupInstance (0ms)
			ReleaseScriptingObjects (0ms)
			CreateAndSetChildDomain (28ms)
		EndReloadAssembly (674ms)
			LoadAssemblies (73ms)
			RebuildTransferFunctionScriptingTraits (0ms)
			SetupTypeCache (241ms)
			ReleaseScriptCaches (1ms)
			RebuildScriptCaches (33ms)
			SetupLoadedEditorAssemblies (232ms)
				LogAssemblyErrors (0ms)
				InitializePlatformSupportModulesInManaged (5ms)
				SetLoadedEditorAssemblies (0ms)
				RefreshPlugins (0ms)
				BeforeProcessingInitializeOnLoad (49ms)
				ProcessInitializeOnLoadAttributes (165ms)
				ProcessInitializeOnLoadMethodAttributes (8ms)
				AfterProcessingInitializeOnLoad (5ms)
				EditorAssembliesLoaded (0ms)
			ExecutionOrderSort2 (0ms)
			AwakeInstancesAfterBackupRestoration (7ms)
Platform modules already initialized, skipping
Refreshing native plugins compatible for Editor in 0.42 ms, found 3 plugins.
Preloading 0 native plugins for Editor in 0.00 ms.
Unloading 2172 Unused Serialized files (Serialized files now loaded: 0)
System memory in use before: 98.5 MB.
System memory in use after: 98.7 MB.

Unloading 18 unused Assets to reduce memory usage. Loaded Objects now: 2681.
Total: 3.355900 ms (FindLiveObjects: 0.189600 ms CreateObjectMapping: 0.102700 ms MarkObjects: 3.043800 ms  DeleteObjects: 0.018900 ms)

AssetImportParameters requested are different than current active one (requested -> active):
  custom:framework-win-MediaFoundation: 216162199b28c13a410421893ffa2e32 -> 
  custom:video-decoder-ogg-theora: a1e56fd34408186e4bbccfd4996cb3dc -> 
  custom:container-muxer-webm: aa71ff27fc2769a1b78a27578f13a17b -> 
  custom:container-demuxer-webm: 4f35f7cbe854078d1ac9338744f61a02 -> 
  custom:container-demuxer-ogg: 62fdf1f143b41e24485cea50d1cbac27 -> 
  custom:video-encoder-webm-vp8: eb34c28f22e8b96e1ab97ce403110664 -> 
  custom:video-decoder-webm-vp8: 9c59270c3fd7afecdb556c50c9e8de78 -> 
  custom:audio-decoder-ogg-vorbis: bf7c407c2cedff20999df2af8eb42d56 -> 
  custom:audio-encoder-webm-vorbis: bf7c407c2cedff20999df2af8eb42d56 -> 
AssetImportWorkerClient::OnTransportError - code=2 error=End of file
